#
# There is insufficient memory for the Java Runtime Environment to continue.
# Native memory allocation (malloc) failed to allocate 721616 bytes for Chunk::new
# Possible reasons:
#   The system is out of physical RAM or swap space
#   The process is running with CompressedOops enabled, and the Java Heap may be blocking the growth of the native heap
# Possible solutions:
#   Reduce memory load on the system
#   Increase physical memory or swap space
#   Check if swap backing store is full
#   Decrease Java heap size (-Xmx/-Xms)
#   Decrease number of Java threads
#   Decrease Java thread stack sizes (-Xss)
#   Set larger code cache with -XX:ReservedCodeCacheSize=
#   JVM is running with Unscaled Compressed Oops mode in which the Java heap is
#     placed in the first 4GB address space. The Java Heap base address is the
#     maximum limit for the native heap growth. Please use -XX:HeapBaseMinAddress
#     to set the Java Heap base and to place the Java Heap above 4GB virtual address.
# This output file may be truncated or incomplete.
#
#  Out of Memory Error (./open/src/hotspot/share/memory/arena.cpp:197), pid=11228, tid=3136
#
# JRE version: Java(TM) SE Runtime Environment 18.9 (11.0.13+10) (build 11.0.13+10-LTS-370)
# Java VM: Java HotSpot(TM) 64-Bit Server VM 18.9 (11.0.13+10-LTS-370, mixed mode, tiered, compressed oops, g1 gc, windows-amd64)
# No core dump will be written. Minidumps are not enabled by default on client versions of Windows
#

---------------  S U M M A R Y ------------

Command Line: -Dmaven.home=EMBEDDED -Dclassworlds.conf=C:\Users\sfjbs\Documents\workspace-spring-tool-suite-4-4.14.1.RELEASE\.metadata\.plugins\org.eclipse.m2e.launching\launches\m2conf2018630850367047513.tmp -Dmaven.multiModuleProjectDirectory=C:\Users\sfjbs\Downloads\tcsb2_2022-main (5)\tcsb2_2022-main\day 7th globle exception added\e-cart -Djansi.force=true -Djansi.passthrough=true -Dfile.encoding=Cp1252 org.codehaus.plexus.classworlds.launcher.Launcher -B install -Dstyle.color=always

Host: Intel(R) Xeon(R) Platinum 8171M CPU @ 2.60GHz, 2 cores, 7G,  Windows 10 , 64 bit Build 19041 (10.0.19041.1706)
Time: Thu May 26 15:21:34 2022 Coordinated Universal Time elapsed time: 3.501389 seconds (0d 0h 0m 3s)

---------------  T H R E A D  ---------------

Current thread (0x0000014debe79800):  JavaThread "C2 CompilerThread0" daemon [_thread_in_native, id=3136, stack(0x00000028d8200000,0x00000028d8300000)]


Current CompileTask:
C2:   3501 2181       4       org.apache.maven.model.io.xpp3.MavenXpp3ReaderEx::checkFieldWithDuplicate (75 bytes)

Stack: [0x00000028d8200000,0x00000028d8300000]
Native frames: (J=compiled Java code, j=interpreted, Vv=VM code, C=native code)
V  [jvm.dll+0x62870a]
V  [jvm.dll+0x761f2f]
V  [jvm.dll+0x7635d9]
V  [jvm.dll+0x763c63]
V  [jvm.dll+0x23d728]
V  [jvm.dll+0xb293c]
V  [jvm.dll+0xb2efc]
V  [jvm.dll+0x3408b7]
V  [jvm.dll+0x30e603]
V  [jvm.dll+0x30d94a]
V  [jvm.dll+0x1f8255]
V  [jvm.dll+0x1f743d]
V  [jvm.dll+0x177991]
V  [jvm.dll+0x206d84]
V  [jvm.dll+0x204ebb]
V  [jvm.dll+0x727e70]
V  [jvm.dll+0x720a54]
V  [jvm.dll+0x627606]
C  [ucrtbase.dll+0x21bb2]
C  [KERNEL32.DLL+0x17034]
C  [ntdll.dll+0x52651]


---------------  P R O C E S S  ---------------

Threads class SMR info:
_java_thread_list=0x0000014debfcdec0, length=10, elements={
0x0000014dcdac7000, 0x0000014deb50a800, 0x0000014deb514000, 0x0000014deb527800,
0x0000014deb529800, 0x0000014debe71000, 0x0000014debe79800, 0x0000014debe7d000,
0x0000014debe7f800, 0x0000014dec002800
}

Java Threads: ( => current thread )
  0x0000014dcdac7000 JavaThread "main" [_thread_in_vm, id=9968, stack(0x00000028d7600000,0x00000028d7700000)]
  0x0000014deb50a800 JavaThread "Reference Handler" daemon [_thread_blocked, id=12728, stack(0x00000028d7d00000,0x00000028d7e00000)]
  0x0000014deb514000 JavaThread "Finalizer" daemon [_thread_blocked, id=8736, stack(0x00000028d7e00000,0x00000028d7f00000)]
  0x0000014deb527800 JavaThread "Signal Dispatcher" daemon [_thread_blocked, id=12096, stack(0x00000028d7f00000,0x00000028d8000000)]
  0x0000014deb529800 JavaThread "Attach Listener" daemon [_thread_blocked, id=424, stack(0x00000028d8000000,0x00000028d8100000)]
  0x0000014debe71000 JavaThread "Service Thread" daemon [_thread_blocked, id=9180, stack(0x00000028d8100000,0x00000028d8200000)]
=>0x0000014debe79800 JavaThread "C2 CompilerThread0" daemon [_thread_in_native, id=3136, stack(0x00000028d8200000,0x00000028d8300000)]
  0x0000014debe7d000 JavaThread "C1 CompilerThread0" daemon [_thread_in_native, id=8476, stack(0x00000028d8300000,0x00000028d8400000)]
  0x0000014debe7f800 JavaThread "Sweeper thread" daemon [_thread_blocked, id=10252, stack(0x00000028d8400000,0x00000028d8500000)]
  0x0000014dec002800 JavaThread "Common-Cleaner" daemon [_thread_blocked, id=11232, stack(0x00000028d8600000,0x00000028d8700000)]

Other Threads:
  0x0000014deb508800 VMThread "VM Thread" [stack: 0x00000028d7c00000,0x00000028d7d00000] [id=3968]
  0x0000014debffb000 WatcherThread [stack: 0x00000028d8500000,0x00000028d8600000] [id=5256]
  0x0000014dcdadb800 GCTaskThread "GC Thread#0" [stack: 0x00000028d7700000,0x00000028d7800000] [id=1856]
  0x0000014dec421800 GCTaskThread "GC Thread#1" [stack: 0x00000028d8700000,0x00000028d8800000] [id=6480]
  0x0000014dcdb0b000 ConcurrentGCThread "G1 Main Marker" [stack: 0x00000028d7800000,0x00000028d7900000] [id=1376]
  0x0000014dcdb0e000 ConcurrentGCThread "G1 Conc#0" [stack: 0x00000028d7900000,0x00000028d7a00000] [id=9592]
  0x0000014dcdb93000 ConcurrentGCThread "G1 Refine#0" [stack: 0x00000028d7a00000,0x00000028d7b00000] [id=5448]
  0x0000014dcdb95000 ConcurrentGCThread "G1 Young RemSet Sampling" [stack: 0x00000028d7b00000,0x00000028d7c00000] [id=8260]

Threads with active compile tasks:
C2 CompilerThread0   3530 2181       4       org.apache.maven.model.io.xpp3.MavenXpp3ReaderEx::checkFieldWithDuplicate (75 bytes)

VM state:not at safepoint (normal execution)

VM Mutex/Monitor currently owned by a thread: None

Heap address: 0x0000000080000000, size: 2048 MB, Compressed Oops mode: 32-bit
Narrow klass base: 0x0000000000000000, Narrow klass shift: 3
Compressed class space size: 1073741824 Address: 0x0000000100000000

Heap:
 garbage-first heap   total 131072K, used 13474K [0x0000000080000000, 0x0000000100000000)
  region size 1024K, 14 young (14336K), 5 survivors (5120K)
 Metaspace       used 19578K, capacity 19902K, committed 20224K, reserved 1067008K
  class space    used 2079K, capacity 2212K, committed 2304K, reserved 1048576K
Heap Regions: E=young(eden), S=young(survivor), O=old, HS=humongous(starts), HC=humongous(continues), CS=collection set, F=free, A=archive, TAMS=top-at-mark-start (previous, next)
|   0|0x0000000080000000, 0x00000000800a3600, 0x0000000080100000| 63%| O|  |TAMS 0x0000000080000000, 0x0000000080000000| Untracked 
|   1|0x0000000080100000, 0x0000000080100000, 0x0000000080200000|  0%| F|  |TAMS 0x0000000080100000, 0x0000000080100000| Untracked 
|   2|0x0000000080200000, 0x0000000080200000, 0x0000000080300000|  0%| F|  |TAMS 0x0000000080200000, 0x0000000080200000| Untracked 
|   3|0x0000000080300000, 0x0000000080300000, 0x0000000080400000|  0%| F|  |TAMS 0x0000000080300000, 0x0000000080300000| Untracked 
|   4|0x0000000080400000, 0x0000000080400000, 0x0000000080500000|  0%| F|  |TAMS 0x0000000080400000, 0x0000000080400000| Untracked 
|   5|0x0000000080500000, 0x0000000080500000, 0x0000000080600000|  0%| F|  |TAMS 0x0000000080500000, 0x0000000080500000| Untracked 
|   6|0x0000000080600000, 0x0000000080600000, 0x0000000080700000|  0%| F|  |TAMS 0x0000000080600000, 0x0000000080600000| Untracked 
|   7|0x0000000080700000, 0x0000000080700000, 0x0000000080800000|  0%| F|  |TAMS 0x0000000080700000, 0x0000000080700000| Untracked 
|   8|0x0000000080800000, 0x0000000080800000, 0x0000000080900000|  0%| F|  |TAMS 0x0000000080800000, 0x0000000080800000| Untracked 
|   9|0x0000000080900000, 0x0000000080900000, 0x0000000080a00000|  0%| F|  |TAMS 0x0000000080900000, 0x0000000080900000| Untracked 
|  10|0x0000000080a00000, 0x0000000080a00000, 0x0000000080b00000|  0%| F|  |TAMS 0x0000000080a00000, 0x0000000080a00000| Untracked 
|  11|0x0000000080b00000, 0x0000000080b00000, 0x0000000080c00000|  0%| F|  |TAMS 0x0000000080b00000, 0x0000000080b00000| Untracked 
|  12|0x0000000080c00000, 0x0000000080c00000, 0x0000000080d00000|  0%| F|  |TAMS 0x0000000080c00000, 0x0000000080c00000| Untracked 
|  13|0x0000000080d00000, 0x0000000080d00000, 0x0000000080e00000|  0%| F|  |TAMS 0x0000000080d00000, 0x0000000080d00000| Untracked 
|  14|0x0000000080e00000, 0x0000000080e00000, 0x0000000080f00000|  0%| F|  |TAMS 0x0000000080e00000, 0x0000000080e00000| Untracked 
|  15|0x0000000080f00000, 0x0000000080f00000, 0x0000000081000000|  0%| F|  |TAMS 0x0000000080f00000, 0x0000000080f00000| Untracked 
|  16|0x0000000081000000, 0x0000000081000000, 0x0000000081100000|  0%| F|  |TAMS 0x0000000081000000, 0x0000000081000000| Untracked 
|  17|0x0000000081100000, 0x0000000081100000, 0x0000000081200000|  0%| F|  |TAMS 0x0000000081100000, 0x0000000081100000| Untracked 
|  18|0x0000000081200000, 0x0000000081200000, 0x0000000081300000|  0%| F|  |TAMS 0x0000000081200000, 0x0000000081200000| Untracked 
|  19|0x0000000081300000, 0x0000000081300000, 0x0000000081400000|  0%| F|  |TAMS 0x0000000081300000, 0x0000000081300000| Untracked 
|  20|0x0000000081400000, 0x0000000081400000, 0x0000000081500000|  0%| F|  |TAMS 0x0000000081400000, 0x0000000081400000| Untracked 
|  21|0x0000000081500000, 0x0000000081500000, 0x0000000081600000|  0%| F|  |TAMS 0x0000000081500000, 0x0000000081500000| Untracked 
|  22|0x0000000081600000, 0x0000000081600000, 0x0000000081700000|  0%| F|  |TAMS 0x0000000081600000, 0x0000000081600000| Untracked 
|  23|0x0000000081700000, 0x0000000081700000, 0x0000000081800000|  0%| F|  |TAMS 0x0000000081700000, 0x0000000081700000| Untracked 
|  24|0x0000000081800000, 0x0000000081800000, 0x0000000081900000|  0%| F|  |TAMS 0x0000000081800000, 0x0000000081800000| Untracked 
|  25|0x0000000081900000, 0x0000000081900000, 0x0000000081a00000|  0%| F|  |TAMS 0x0000000081900000, 0x0000000081900000| Untracked 
|  26|0x0000000081a00000, 0x0000000081a00000, 0x0000000081b00000|  0%| F|  |TAMS 0x0000000081a00000, 0x0000000081a00000| Untracked 
|  27|0x0000000081b00000, 0x0000000081b00000, 0x0000000081c00000|  0%| F|  |TAMS 0x0000000081b00000, 0x0000000081b00000| Untracked 
|  28|0x0000000081c00000, 0x0000000081c00000, 0x0000000081d00000|  0%| F|  |TAMS 0x0000000081c00000, 0x0000000081c00000| Untracked 
|  29|0x0000000081d00000, 0x0000000081d00000, 0x0000000081e00000|  0%| F|  |TAMS 0x0000000081d00000, 0x0000000081d00000| Untracked 
|  30|0x0000000081e00000, 0x0000000081e00000, 0x0000000081f00000|  0%| F|  |TAMS 0x0000000081e00000, 0x0000000081e00000| Untracked 
|  31|0x0000000081f00000, 0x0000000081f00000, 0x0000000082000000|  0%| F|  |TAMS 0x0000000081f00000, 0x0000000081f00000| Untracked 
|  32|0x0000000082000000, 0x0000000082000000, 0x0000000082100000|  0%| F|  |TAMS 0x0000000082000000, 0x0000000082000000| Untracked 
|  33|0x0000000082100000, 0x0000000082100000, 0x0000000082200000|  0%| F|  |TAMS 0x0000000082100000, 0x0000000082100000| Untracked 
|  34|0x0000000082200000, 0x0000000082200000, 0x0000000082300000|  0%| F|  |TAMS 0x0000000082200000, 0x0000000082200000| Untracked 
|  35|0x0000000082300000, 0x0000000082300000, 0x0000000082400000|  0%| F|  |TAMS 0x0000000082300000, 0x0000000082300000| Untracked 
|  36|0x0000000082400000, 0x0000000082400000, 0x0000000082500000|  0%| F|  |TAMS 0x0000000082400000, 0x0000000082400000| Untracked 
|  37|0x0000000082500000, 0x0000000082500000, 0x0000000082600000|  0%| F|  |TAMS 0x0000000082500000, 0x0000000082500000| Untracked 
|  38|0x0000000082600000, 0x0000000082600000, 0x0000000082700000|  0%| F|  |TAMS 0x0000000082600000, 0x0000000082600000| Untracked 
|  39|0x0000000082700000, 0x0000000082700000, 0x0000000082800000|  0%| F|  |TAMS 0x0000000082700000, 0x0000000082700000| Untracked 
|  40|0x0000000082800000, 0x0000000082800000, 0x0000000082900000|  0%| F|  |TAMS 0x0000000082800000, 0x0000000082800000| Untracked 
|  41|0x0000000082900000, 0x0000000082900000, 0x0000000082a00000|  0%| F|  |TAMS 0x0000000082900000, 0x0000000082900000| Untracked 
|  42|0x0000000082a00000, 0x0000000082a00000, 0x0000000082b00000|  0%| F|  |TAMS 0x0000000082a00000, 0x0000000082a00000| Untracked 
|  43|0x0000000082b00000, 0x0000000082b00000, 0x0000000082c00000|  0%| F|  |TAMS 0x0000000082b00000, 0x0000000082b00000| Untracked 
|  44|0x0000000082c00000, 0x0000000082c00000, 0x0000000082d00000|  0%| F|  |TAMS 0x0000000082c00000, 0x0000000082c00000| Untracked 
|  45|0x0000000082d00000, 0x0000000082d00000, 0x0000000082e00000|  0%| F|  |TAMS 0x0000000082d00000, 0x0000000082d00000| Untracked 
|  46|0x0000000082e00000, 0x0000000082e00000, 0x0000000082f00000|  0%| F|  |TAMS 0x0000000082e00000, 0x0000000082e00000| Untracked 
|  47|0x0000000082f00000, 0x0000000082f00000, 0x0000000083000000|  0%| F|  |TAMS 0x0000000082f00000, 0x0000000082f00000| Untracked 
|  48|0x0000000083000000, 0x0000000083000000, 0x0000000083100000|  0%| F|  |TAMS 0x0000000083000000, 0x0000000083000000| Untracked 
|  49|0x0000000083100000, 0x0000000083100000, 0x0000000083200000|  0%| F|  |TAMS 0x0000000083100000, 0x0000000083100000| Untracked 
|  50|0x0000000083200000, 0x0000000083200000, 0x0000000083300000|  0%| F|  |TAMS 0x0000000083200000, 0x0000000083200000| Untracked 
|  51|0x0000000083300000, 0x0000000083300000, 0x0000000083400000|  0%| F|  |TAMS 0x0000000083300000, 0x0000000083300000| Untracked 
|  52|0x0000000083400000, 0x0000000083400000, 0x0000000083500000|  0%| F|  |TAMS 0x0000000083400000, 0x0000000083400000| Untracked 
|  53|0x0000000083500000, 0x0000000083500000, 0x0000000083600000|  0%| F|  |TAMS 0x0000000083500000, 0x0000000083500000| Untracked 
|  54|0x0000000083600000, 0x0000000083600000, 0x0000000083700000|  0%| F|  |TAMS 0x0000000083600000, 0x0000000083600000| Untracked 
|  55|0x0000000083700000, 0x0000000083700000, 0x0000000083800000|  0%| F|  |TAMS 0x0000000083700000, 0x0000000083700000| Untracked 
|  56|0x0000000083800000, 0x0000000083800000, 0x0000000083900000|  0%| F|  |TAMS 0x0000000083800000, 0x0000000083800000| Untracked 
|  57|0x0000000083900000, 0x0000000083900000, 0x0000000083a00000|  0%| F|  |TAMS 0x0000000083900000, 0x0000000083900000| Untracked 
|  58|0x0000000083a00000, 0x0000000083a00000, 0x0000000083b00000|  0%| F|  |TAMS 0x0000000083a00000, 0x0000000083a00000| Untracked 
|  59|0x0000000083b00000, 0x0000000083b00000, 0x0000000083c00000|  0%| F|  |TAMS 0x0000000083b00000, 0x0000000083b00000| Untracked 
|  60|0x0000000083c00000, 0x0000000083c00000, 0x0000000083d00000|  0%| F|  |TAMS 0x0000000083c00000, 0x0000000083c00000| Untracked 
|  61|0x0000000083d00000, 0x0000000083d00000, 0x0000000083e00000|  0%| F|  |TAMS 0x0000000083d00000, 0x0000000083d00000| Untracked 
|  62|0x0000000083e00000, 0x0000000083e00000, 0x0000000083f00000|  0%| F|  |TAMS 0x0000000083e00000, 0x0000000083e00000| Untracked 
|  63|0x0000000083f00000, 0x0000000083f00000, 0x0000000084000000|  0%| F|  |TAMS 0x0000000083f00000, 0x0000000083f00000| Untracked 
|  64|0x0000000084000000, 0x0000000084000000, 0x0000000084100000|  0%| F|  |TAMS 0x0000000084000000, 0x0000000084000000| Untracked 
|  65|0x0000000084100000, 0x0000000084100000, 0x0000000084200000|  0%| F|  |TAMS 0x0000000084100000, 0x0000000084100000| Untracked 
|  66|0x0000000084200000, 0x0000000084285268, 0x0000000084300000| 52%| S|CS|TAMS 0x0000000084200000, 0x0000000084200000| Complete 
|  67|0x0000000084300000, 0x0000000084400000, 0x0000000084400000|100%| S|CS|TAMS 0x0000000084300000, 0x0000000084300000| Complete 
|  68|0x0000000084400000, 0x0000000084500000, 0x0000000084500000|100%| S|CS|TAMS 0x0000000084400000, 0x0000000084400000| Complete 
|  69|0x0000000084500000, 0x0000000084600000, 0x0000000084600000|100%| S|CS|TAMS 0x0000000084500000, 0x0000000084500000| Complete 
|  70|0x0000000084600000, 0x0000000084700000, 0x0000000084700000|100%| S|CS|TAMS 0x0000000084600000, 0x0000000084600000| Complete 
|  71|0x0000000084700000, 0x0000000084700000, 0x0000000084800000|  0%| F|  |TAMS 0x0000000084700000, 0x0000000084700000| Untracked 
|  72|0x0000000084800000, 0x0000000084800000, 0x0000000084900000|  0%| F|  |TAMS 0x0000000084800000, 0x0000000084800000| Untracked 
|  73|0x0000000084900000, 0x0000000084900000, 0x0000000084a00000|  0%| F|  |TAMS 0x0000000084900000, 0x0000000084900000| Untracked 
|  74|0x0000000084a00000, 0x0000000084a00000, 0x0000000084b00000|  0%| F|  |TAMS 0x0000000084a00000, 0x0000000084a00000| Untracked 
|  75|0x0000000084b00000, 0x0000000084b00000, 0x0000000084c00000|  0%| F|  |TAMS 0x0000000084b00000, 0x0000000084b00000| Untracked 
|  76|0x0000000084c00000, 0x0000000084c00000, 0x0000000084d00000|  0%| F|  |TAMS 0x0000000084c00000, 0x0000000084c00000| Untracked 
|  77|0x0000000084d00000, 0x0000000084d00000, 0x0000000084e00000|  0%| F|  |TAMS 0x0000000084d00000, 0x0000000084d00000| Untracked 
|  78|0x0000000084e00000, 0x0000000084e00000, 0x0000000084f00000|  0%| F|  |TAMS 0x0000000084e00000, 0x0000000084e00000| Untracked 
|  79|0x0000000084f00000, 0x0000000084f00000, 0x0000000085000000|  0%| F|  |TAMS 0x0000000084f00000, 0x0000000084f00000| Untracked 
|  80|0x0000000085000000, 0x0000000085000000, 0x0000000085100000|  0%| F|  |TAMS 0x0000000085000000, 0x0000000085000000| Untracked 
|  81|0x0000000085100000, 0x0000000085100000, 0x0000000085200000|  0%| F|  |TAMS 0x0000000085100000, 0x0000000085100000| Untracked 
|  82|0x0000000085200000, 0x0000000085200000, 0x0000000085300000|  0%| F|  |TAMS 0x0000000085200000, 0x0000000085200000| Untracked 
|  83|0x0000000085300000, 0x0000000085300000, 0x0000000085400000|  0%| F|  |TAMS 0x0000000085300000, 0x0000000085300000| Untracked 
|  84|0x0000000085400000, 0x0000000085400000, 0x0000000085500000|  0%| F|  |TAMS 0x0000000085400000, 0x0000000085400000| Untracked 
|  85|0x0000000085500000, 0x0000000085500000, 0x0000000085600000|  0%| F|  |TAMS 0x0000000085500000, 0x0000000085500000| Untracked 
|  86|0x0000000085600000, 0x0000000085600000, 0x0000000085700000|  0%| F|  |TAMS 0x0000000085600000, 0x0000000085600000| Untracked 
|  87|0x0000000085700000, 0x0000000085700000, 0x0000000085800000|  0%| F|  |TAMS 0x0000000085700000, 0x0000000085700000| Untracked 
|  88|0x0000000085800000, 0x0000000085800000, 0x0000000085900000|  0%| F|  |TAMS 0x0000000085800000, 0x0000000085800000| Untracked 
|  89|0x0000000085900000, 0x0000000085900000, 0x0000000085a00000|  0%| F|  |TAMS 0x0000000085900000, 0x0000000085900000| Untracked 
|  90|0x0000000085a00000, 0x0000000085a00000, 0x0000000085b00000|  0%| F|  |TAMS 0x0000000085a00000, 0x0000000085a00000| Untracked 
|  91|0x0000000085b00000, 0x0000000085b00000, 0x0000000085c00000|  0%| F|  |TAMS 0x0000000085b00000, 0x0000000085b00000| Untracked 
|  92|0x0000000085c00000, 0x0000000085c00000, 0x0000000085d00000|  0%| F|  |TAMS 0x0000000085c00000, 0x0000000085c00000| Untracked 
|  93|0x0000000085d00000, 0x0000000085d00000, 0x0000000085e00000|  0%| F|  |TAMS 0x0000000085d00000, 0x0000000085d00000| Untracked 
|  94|0x0000000085e00000, 0x0000000085e00000, 0x0000000085f00000|  0%| F|  |TAMS 0x0000000085e00000, 0x0000000085e00000| Untracked 
|  95|0x0000000085f00000, 0x0000000085f00000, 0x0000000086000000|  0%| F|  |TAMS 0x0000000085f00000, 0x0000000085f00000| Untracked 
|  96|0x0000000086000000, 0x0000000086000000, 0x0000000086100000|  0%| F|  |TAMS 0x0000000086000000, 0x0000000086000000| Untracked 
|  97|0x0000000086100000, 0x0000000086100000, 0x0000000086200000|  0%| F|  |TAMS 0x0000000086100000, 0x0000000086100000| Untracked 
|  98|0x0000000086200000, 0x0000000086200000, 0x0000000086300000|  0%| F|  |TAMS 0x0000000086200000, 0x0000000086200000| Untracked 
|  99|0x0000000086300000, 0x0000000086300000, 0x0000000086400000|  0%| F|  |TAMS 0x0000000086300000, 0x0000000086300000| Untracked 
| 100|0x0000000086400000, 0x0000000086400000, 0x0000000086500000|  0%| F|  |TAMS 0x0000000086400000, 0x0000000086400000| Untracked 
| 101|0x0000000086500000, 0x0000000086500000, 0x0000000086600000|  0%| F|  |TAMS 0x0000000086500000, 0x0000000086500000| Untracked 
| 102|0x0000000086600000, 0x0000000086600000, 0x0000000086700000|  0%| F|  |TAMS 0x0000000086600000, 0x0000000086600000| Untracked 
| 103|0x0000000086700000, 0x0000000086700000, 0x0000000086800000|  0%| F|  |TAMS 0x0000000086700000, 0x0000000086700000| Untracked 
| 104|0x0000000086800000, 0x0000000086800000, 0x0000000086900000|  0%| F|  |TAMS 0x0000000086800000, 0x0000000086800000| Untracked 
| 105|0x0000000086900000, 0x0000000086900000, 0x0000000086a00000|  0%| F|  |TAMS 0x0000000086900000, 0x0000000086900000| Untracked 
| 106|0x0000000086a00000, 0x0000000086a00000, 0x0000000086b00000|  0%| F|  |TAMS 0x0000000086a00000, 0x0000000086a00000| Untracked 
| 107|0x0000000086b00000, 0x0000000086b00000, 0x0000000086c00000|  0%| F|  |TAMS 0x0000000086b00000, 0x0000000086b00000| Untracked 
| 108|0x0000000086c00000, 0x0000000086c00000, 0x0000000086d00000|  0%| F|  |TAMS 0x0000000086c00000, 0x0000000086c00000| Untracked 
| 109|0x0000000086d00000, 0x0000000086d00000, 0x0000000086e00000|  0%| F|  |TAMS 0x0000000086d00000, 0x0000000086d00000| Untracked 
| 110|0x0000000086e00000, 0x0000000086e00000, 0x0000000086f00000|  0%| F|  |TAMS 0x0000000086e00000, 0x0000000086e00000| Untracked 
| 111|0x0000000086f00000, 0x0000000086f00000, 0x0000000087000000|  0%| F|  |TAMS 0x0000000086f00000, 0x0000000086f00000| Untracked 
| 112|0x0000000087000000, 0x0000000087000000, 0x0000000087100000|  0%| F|  |TAMS 0x0000000087000000, 0x0000000087000000| Untracked 
| 113|0x0000000087100000, 0x0000000087100000, 0x0000000087200000|  0%| F|  |TAMS 0x0000000087100000, 0x0000000087100000| Untracked 
| 114|0x0000000087200000, 0x0000000087200000, 0x0000000087300000|  0%| F|  |TAMS 0x0000000087200000, 0x0000000087200000| Untracked 
| 115|0x0000000087300000, 0x0000000087300000, 0x0000000087400000|  0%| F|  |TAMS 0x0000000087300000, 0x0000000087300000| Untracked 
| 116|0x0000000087400000, 0x0000000087400000, 0x0000000087500000|  0%| F|  |TAMS 0x0000000087400000, 0x0000000087400000| Untracked 
| 117|0x0000000087500000, 0x0000000087500000, 0x0000000087600000|  0%| F|  |TAMS 0x0000000087500000, 0x0000000087500000| Untracked 
| 118|0x0000000087600000, 0x0000000087600000, 0x0000000087700000|  0%| F|  |TAMS 0x0000000087600000, 0x0000000087600000| Untracked 
| 119|0x0000000087700000, 0x0000000087800000, 0x0000000087800000|100%| E|  |TAMS 0x0000000087700000, 0x0000000087700000| Complete 
| 120|0x0000000087800000, 0x0000000087900000, 0x0000000087900000|100%| E|CS|TAMS 0x0000000087800000, 0x0000000087800000| Complete 
| 121|0x0000000087900000, 0x0000000087a00000, 0x0000000087a00000|100%| E|CS|TAMS 0x0000000087900000, 0x0000000087900000| Complete 
| 122|0x0000000087a00000, 0x0000000087b00000, 0x0000000087b00000|100%| E|CS|TAMS 0x0000000087a00000, 0x0000000087a00000| Complete 
| 123|0x0000000087b00000, 0x0000000087c00000, 0x0000000087c00000|100%| E|CS|TAMS 0x0000000087b00000, 0x0000000087b00000| Complete 
| 124|0x0000000087c00000, 0x0000000087d00000, 0x0000000087d00000|100%| E|CS|TAMS 0x0000000087c00000, 0x0000000087c00000| Complete 
| 125|0x0000000087d00000, 0x0000000087e00000, 0x0000000087e00000|100%| E|CS|TAMS 0x0000000087d00000, 0x0000000087d00000| Complete 
| 126|0x0000000087e00000, 0x0000000087f00000, 0x0000000087f00000|100%| E|CS|TAMS 0x0000000087e00000, 0x0000000087e00000| Complete 
| 127|0x0000000087f00000, 0x0000000088000000, 0x0000000088000000|100%| E|CS|TAMS 0x0000000087f00000, 0x0000000087f00000| Complete 

Card table byte_map: [0x0000014de4900000,0x0000014de4d00000] _byte_map_base: 0x0000014de4500000

Marking Bits (Prev, Next): (CMBitMap*) 0x0000014dcdb02258, (CMBitMap*) 0x0000014dcdb02290
 Prev Bits: [0x0000014de5100000, 0x0000014de7100000)
 Next Bits: [0x0000014de7100000, 0x0000014de9100000)

Polling page: 0x0000014dcc1b0000

Metaspace:

Usage:
  Non-class:     17.28 MB capacity,    17.09 MB ( 99%) used,   166.23 KB ( <1%) free+waste,    21.31 KB ( <1%) overhead. 
      Class:      2.16 MB capacity,     2.03 MB ( 94%) used,   122.93 KB (  6%) free+waste,     8.63 KB ( <1%) overhead. 
       Both:     19.44 MB capacity,    19.12 MB ( 98%) used,   289.16 KB (  1%) free+waste,    29.94 KB ( <1%) overhead. 

Virtual space:
  Non-class space:       18.00 MB reserved,      17.50 MB ( 97%) committed 
      Class space:        1.00 GB reserved,       2.25 MB ( <1%) committed 
             Both:        1.02 GB reserved,      19.75 MB (  2%) committed 

Chunk freelists:
   Non-Class:  4.75 KB
       Class:  3.50 KB
        Both:  8.25 KB

CodeHeap 'non-profiled nmethods': size=120064Kb used=801Kb max_used=801Kb free=119262Kb
 bounds [0x0000014ddcbc0000, 0x0000014ddce30000, 0x0000014de4100000]
CodeHeap 'profiled nmethods': size=120000Kb used=4488Kb max_used=4488Kb free=115512Kb
 bounds [0x0000014dd5690000, 0x0000014dd5b00000, 0x0000014ddcbc0000]
CodeHeap 'non-nmethods': size=5696Kb used=1102Kb max_used=1132Kb free=4593Kb
 bounds [0x0000014dd5100000, 0x0000014dd5370000, 0x0000014dd5690000]
 total_blobs=2636 nmethods=2222 adapters=325
 compilation: enabled
              stopped_count=0, restarted_count=0
 full_count=0

Compilation events (10 events):
Event: 3.491 Thread 0x0000014debe7d000 2198       3       java.util.Vector::elementData (7 bytes)
Event: 3.491 Thread 0x0000014debe7d000 nmethod 2198 0x0000014dd5ae6e90 code [0x0000014dd5ae7020, 0x0000014dd5ae7158]
Event: 3.492 Thread 0x0000014debe7d000 2199       3       java.util.WeakHashMap::eq (19 bytes)
Event: 3.492 Thread 0x0000014debe7d000 nmethod 2199 0x0000014dd5ae7210 code [0x0000014dd5ae73c0, 0x0000014dd5ae75e8]
Event: 3.493 Thread 0x0000014debe7d000 2200       1       org.apache.maven.model.building.DefaultModelBuildingRequest::getValidationLevel (5 bytes)
Event: 3.493 Thread 0x0000014debe7d000 nmethod 2200 0x0000014ddcc87910 code [0x0000014ddcc87aa0, 0x0000014ddcc87b58]
Event: 3.493 Thread 0x0000014debe7d000 2201       3       java.io.FileInputStream::<init> (122 bytes)
Event: 3.494 Thread 0x0000014debe7d000 nmethod 2201 0x0000014dd5ae7690 code [0x0000014dd5ae7920, 0x0000014dd5ae83f8]
Event: 3.495 Thread 0x0000014debe7d000 2203       3       java.io.FileInputStream$1::close (11 bytes)
Event: 3.495 Thread 0x0000014debe7d000 nmethod 2203 0x0000014dd5ae8810 code [0x0000014dd5ae89e0, 0x0000014dd5ae9038]

GC Heap History (4 events):
Event: 0.622 GC heap before
{Heap before GC invocations=0 (full 0):
 garbage-first heap   total 131072K, used 6144K [0x0000000080000000, 0x0000000100000000)
  region size 1024K, 7 young (7168K), 0 survivors (0K)
 Metaspace       used 7801K, capacity 7966K, committed 8192K, reserved 1056768K
  class space    used 675K, capacity 740K, committed 768K, reserved 1048576K
}
Event: 0.627 GC heap after
{Heap after GC invocations=1 (full 0):
 garbage-first heap   total 131072K, used 1677K [0x0000000080000000, 0x0000000100000000)
  region size 1024K, 1 young (1024K), 1 survivors (1024K)
 Metaspace       used 7801K, capacity 7966K, committed 8192K, reserved 1056768K
  class space    used 675K, capacity 740K, committed 768K, reserved 1048576K
}
Event: 3.131 GC heap before
{Heap before GC invocations=1 (full 0):
 garbage-first heap   total 131072K, used 59021K [0x0000000080000000, 0x0000000100000000)
  region size 1024K, 57 young (58368K), 1 survivors (1024K)
 Metaspace       used 18259K, capacity 18616K, committed 18816K, reserved 1067008K
  class space    used 1960K, capacity 2082K, committed 2176K, reserved 1048576K
}
Event: 3.148 GC heap after
{Heap after GC invocations=2 (full 0):
 garbage-first heap   total 131072K, used 5282K [0x0000000080000000, 0x0000000100000000)
  region size 1024K, 5 young (5120K), 5 survivors (5120K)
 Metaspace       used 18259K, capacity 18616K, committed 18816K, reserved 1067008K
  class space    used 1960K, capacity 2082K, committed 2176K, reserved 1048576K
}

Deoptimization events (10 events):
Event: 3.257 Thread 0x0000014dcdac7000 Uncommon trap: reason=unstable_if action=reinterpret pc=0x0000014ddcc1f8ac method=java.lang.String.replace(CC)Ljava/lang/String; @ 2 c2
Event: 3.305 Thread 0x0000014dcdac7000 Uncommon trap: reason=bimorphic_or_optimized_type_check action=maybe_recompile pc=0x0000014ddcc209ac method=java.util.HashMap.putVal(ILjava/lang/Object;Ljava/lang/Object;ZZ)Ljava/lang/Object; @ 203 c2
Event: 3.306 Thread 0x0000014dcdac7000 Uncommon trap: reason=bimorphic_or_optimized_type_check action=maybe_recompile pc=0x0000014ddcc209ac method=java.util.HashMap.putVal(ILjava/lang/Object;Ljava/lang/Object;ZZ)Ljava/lang/Object; @ 203 c2
Event: 3.306 Thread 0x0000014dcdac7000 Uncommon trap: reason=bimorphic_or_optimized_type_check action=maybe_recompile pc=0x0000014ddcc209ac method=java.util.HashMap.putVal(ILjava/lang/Object;Ljava/lang/Object;ZZ)Ljava/lang/Object; @ 203 c2
Event: 3.306 Thread 0x0000014dcdac7000 Uncommon trap: reason=bimorphic_or_optimized_type_check action=maybe_recompile pc=0x0000014ddcc209ac method=java.util.HashMap.putVal(ILjava/lang/Object;Ljava/lang/Object;ZZ)Ljava/lang/Object; @ 203 c2
Event: 3.398 Thread 0x0000014dcdac7000 Uncommon trap: reason=unstable_if action=reinterpret pc=0x0000014ddcc810c4 method=org.codehaus.plexus.util.xml.pull.MXParser.ensureElementsCapacity()V @ 4 c2
Event: 3.438 Thread 0x0000014dcdac7000 Uncommon trap: reason=unstable_if action=reinterpret pc=0x0000014ddcc7dc80 method=org.codehaus.plexus.util.xml.pull.MXParser.nextImpl()I @ 1161 c2
Event: 3.444 Thread 0x0000014dcdac7000 Uncommon trap: reason=unstable_if action=reinterpret pc=0x0000014ddcc0b494 method=sun.nio.cs.UTF_8$Decoder.decodeArrayLoop(Ljava/nio/ByteBuffer;Ljava/nio/CharBuffer;)Ljava/nio/charset/CoderResult; @ 84 c2
Event: 3.454 Thread 0x0000014dcdac7000 Uncommon trap: reason=unstable_if action=reinterpret pc=0x0000014ddcbe2e00 method=java.lang.StringUTF16.compress([CI[BII)I @ 20 c2
Event: 3.487 Thread 0x0000014dcdac7000 Uncommon trap: reason=unstable_if action=reinterpret pc=0x0000014ddcc313c4 method=java.lang.String.indexOf(Ljava/lang/String;)I @ 8 c2

Classes redefined (0 events):
No events

Internal exceptions (9 events):
Event: 0.346 Thread 0x0000014dcdac7000 Exception <a 'java/lang/NoSuchMethodError'{0x0000000087c61dd0}: java.lang.invoke.DirectMethodHandle$Holder.invokeSpecialIFC(Ljava/lang/Object;Ljava/lang/Object;I)I> (0x0000000087c61dd0) thrown at [./open/src/hotspot/share/interpreter/linkResolver.cpp, lin
Event: 0.366 Thread 0x0000014dcdac7000 Exception <a 'java/lang/NullPointerException'{0x0000000087cd5df0}> (0x0000000087cd5df0) thrown at [./open/src/hotspot/share/interpreter/linkResolver.cpp, line 1354]
Event: 1.289 Thread 0x0000014dcdac7000 Exception <a 'java/lang/NoClassDefFoundError'{0x000000008739d090}: javax/enterprise/inject/Typed> (0x000000008739d090) thrown at [./open/src/hotspot/share/classfile/systemDictionary.cpp, line 216]
Event: 2.899 Thread 0x0000014dcdac7000 Exception <a 'java/lang/NoClassDefFoundError'{0x000000008493a018}: com/google/inject/servlet/ServletModuleTargetVisitor> (0x000000008493a018) thrown at [./open/src/hotspot/share/classfile/systemDictionary.cpp, line 216]
Event: 2.899 Thread 0x0000014dcdac7000 Exception <a 'java/lang/NoClassDefFoundError'{0x000000008493a018}> (0x000000008493a018) thrown at [./open/src/hotspot/share/prims/jvm.cpp, line 1309]
Event: 3.027 Thread 0x0000014dcdac7000 Exception <a 'java/lang/NoSuchMethodError'{0x0000000084876258}: java.lang.invoke.DirectMethodHandle$Holder.invokeStaticInit(Ljava/lang/Object;IIII)Ljava/lang/Object;> (0x0000000084876258) thrown at [./open/src/hotspot/share/interpreter/linkResolver.cpp, l
Event: 3.223 Thread 0x0000014dcdac7000 Implicit null exception at 0x0000014ddcbe2074 to 0x0000014ddcbe2580
Event: 3.223 Thread 0x0000014dcdac7000 Implicit null exception at 0x0000014ddcbf6474 to 0x0000014ddcbf6960
Event: 3.398 Thread 0x0000014dcdac7000 Implicit null exception at 0x0000014ddcc7fccf to 0x0000014ddcc810a0

Events (10 events):
Event: 3.451 Thread 0x0000014dcdac7000 DEOPT PACKING pc=0x0000014dd5ad5d76 sp=0x00000028d76fdb20
Event: 3.451 Thread 0x0000014dcdac7000 DEOPT UNPACKING pc=0x0000014dd5126dde sp=0x00000028d76fd0d0 mode 0
Event: 3.454 Thread 0x0000014dcdac7000 Uncommon trap: trap_request=0xffffff4d fr.pc=0x0000014ddcbe2e00 relative=0x0000000000000300
Event: 3.454 Thread 0x0000014dcdac7000 DEOPT PACKING pc=0x0000014ddcbe2e00 sp=0x00000028d76fdae0
Event: 3.454 Thread 0x0000014dcdac7000 DEOPT UNPACKING pc=0x0000014dd512662f sp=0x00000028d76fda60 mode 2
Event: 3.455 Thread 0x0000014dcdac7000 DEOPT PACKING pc=0x0000014dd5ae287b sp=0x00000028d76fd7c0
Event: 3.455 Thread 0x0000014dcdac7000 DEOPT UNPACKING pc=0x0000014dd5126dde sp=0x00000028d76fcc30 mode 0
Event: 3.487 Thread 0x0000014dcdac7000 Uncommon trap: trap_request=0xffffff4d fr.pc=0x0000014ddcc313c4 relative=0x00000000000001c4
Event: 3.487 Thread 0x0000014dcdac7000 DEOPT PACKING pc=0x0000014ddcc313c4 sp=0x00000028d76fde80
Event: 3.487 Thread 0x0000014dcdac7000 DEOPT UNPACKING pc=0x0000014dd512662f sp=0x00000028d76fde18 mode 2


Dynamic libraries:
0x00007ff7d4700000 - 0x00007ff7d470f000 	C:\Program Files\Java\jdk-11.0.13\bin\javaw.exe
0x00007fff97750000 - 0x00007fff97945000 	C:\Windows\SYSTEM32\ntdll.dll
0x00007fff960a0000 - 0x00007fff9615d000 	C:\Windows\System32\KERNEL32.DLL
0x00007fff95290000 - 0x00007fff9555d000 	C:\Windows\System32\KERNELBASE.dll
0x00007fff95560000 - 0x00007fff95660000 	C:\Windows\System32\ucrtbase.dll
0x00007fff7e7f0000 - 0x00007fff7e808000 	C:\Program Files\Java\jdk-11.0.13\bin\jli.dll
0x00007fff961c0000 - 0x00007fff9626e000 	C:\Windows\System32\ADVAPI32.dll
0x00007fff97450000 - 0x00007fff974ee000 	C:\Windows\System32\msvcrt.dll
0x00007fff96600000 - 0x00007fff9669c000 	C:\Windows\System32\sechost.dll
0x00007fff96dc0000 - 0x00007fff96ee5000 	C:\Windows\System32\RPCRT4.dll
0x00007fff974f0000 - 0x00007fff97690000 	C:\Windows\System32\USER32.dll
0x00007fff95000000 - 0x00007fff95022000 	C:\Windows\System32\win32u.dll
0x00007fff96d90000 - 0x00007fff96dba000 	C:\Windows\System32\GDI32.dll
0x00007fff94ef0000 - 0x00007fff94ffb000 	C:\Windows\System32\gdi32full.dll
0x00007fff956d0000 - 0x00007fff9576d000 	C:\Windows\System32\msvcp_win.dll
0x00007fff7e760000 - 0x00007fff7e775000 	C:\Program Files\Java\jdk-11.0.13\bin\VCRUNTIME140.dll
0x00007fff76fe0000 - 0x00007fff7727a000 	C:\Windows\WinSxS\amd64_microsoft.windows.common-controls_6595b64144ccf1df_6.0.19041.1110_none_60b5254171f9507e\COMCTL32.dll
0x00007fff8c810000 - 0x00007fff8c81a000 	C:\Windows\SYSTEM32\VERSION.dll
0x00007fff97350000 - 0x00007fff97380000 	C:\Windows\System32\IMM32.DLL
0x00007fff75680000 - 0x00007fff7571b000 	C:\Program Files\Java\jdk-11.0.13\bin\msvcp140.dll
0x00007fff60f30000 - 0x00007fff61a43000 	C:\Program Files\Java\jdk-11.0.13\bin\server\jvm.dll
0x00007fff97250000 - 0x00007fff97258000 	C:\Windows\System32\PSAPI.DLL
0x00007fff8e410000 - 0x00007fff8e419000 	C:\Windows\SYSTEM32\WSOCK32.dll
0x00007fff96b20000 - 0x00007fff96b8b000 	C:\Windows\System32\WS2_32.dll
0x00007fff75270000 - 0x00007fff75297000 	C:\Windows\SYSTEM32\WINMM.dll
0x00007fff92d40000 - 0x00007fff92d52000 	C:\Windows\SYSTEM32\kernel.appcore.dll
0x00007fff7e870000 - 0x00007fff7e880000 	C:\Program Files\Java\jdk-11.0.13\bin\verify.dll
0x00007fff8d590000 - 0x00007fff8d774000 	C:\Windows\SYSTEM32\DBGHELP.DLL
0x00007fff8d560000 - 0x00007fff8d58c000 	C:\Windows\SYSTEM32\dbgcore.DLL
0x00007fff94e60000 - 0x00007fff94ee2000 	C:\Windows\System32\bcryptPrimitives.dll
0x00007fff7e3b0000 - 0x00007fff7e3d8000 	C:\Program Files\Java\jdk-11.0.13\bin\java.dll
0x00007fff7e7e0000 - 0x00007fff7e7ea000 	C:\Program Files\Java\jdk-11.0.13\bin\jimage.dll
0x00007fff7e740000 - 0x00007fff7e756000 	C:\Program Files\Java\jdk-11.0.13\bin\zip.dll
0x00007fff957a0000 - 0x00007fff95ee4000 	C:\Windows\System32\SHELL32.dll
0x00007fff92f40000 - 0x00007fff936d4000 	C:\Windows\SYSTEM32\windows.storage.dll
0x00007fff96ef0000 - 0x00007fff97244000 	C:\Windows\System32\combase.dll
0x00007fff94710000 - 0x00007fff9473c000 	C:\Windows\SYSTEM32\Wldp.dll
0x00007fff96380000 - 0x00007fff9642d000 	C:\Windows\System32\SHCORE.dll
0x00007fff96b90000 - 0x00007fff96be5000 	C:\Windows\System32\shlwapi.dll
0x00007fff94da0000 - 0x00007fff94dbf000 	C:\Windows\SYSTEM32\profapi.dll
0x00007fff7e390000 - 0x00007fff7e3a9000 	C:\Program Files\Java\jdk-11.0.13\bin\net.dll
0x00007fff8b7e0000 - 0x00007fff8b8ea000 	C:\Windows\SYSTEM32\WINHTTP.dll
0x00007fff944f0000 - 0x00007fff9455a000 	C:\Windows\system32\mswsock.dll
0x00007fff7e340000 - 0x00007fff7e352000 	C:\Program Files\Java\jdk-11.0.13\bin\nio.dll
0x0000000069ac0000 - 0x0000000069ae4000 	C:\Users\sfjbs\AppData\Local\Temp\jansi-2.4.0-a9229697980ef3b5-jansi.dll

dbghelp: loaded successfully - version: 4.0.5 - missing functions: none
symbol engine: initialized successfully - sym options: 0x614 - pdb path: .;C:\Program Files\Java\jdk-11.0.13\bin;C:\Windows\SYSTEM32;C:\Windows\WinSxS\amd64_microsoft.windows.common-controls_6595b64144ccf1df_6.0.19041.1110_none_60b5254171f9507e;C:\Program Files\Java\jdk-11.0.13\bin\server;C:\Users\sfjbs\AppData\Local\Temp

VM Arguments:
jvm_args: -Dmaven.home=EMBEDDED -Dclassworlds.conf=C:\Users\sfjbs\Documents\workspace-spring-tool-suite-4-4.14.1.RELEASE\.metadata\.plugins\org.eclipse.m2e.launching\launches\m2conf2018630850367047513.tmp -Dmaven.multiModuleProjectDirectory=C:\Users\sfjbs\Downloads\tcsb2_2022-main (5)\tcsb2_2022-main\day 7th globle exception added\e-cart -Djansi.force=true -Djansi.passthrough=true -Dfile.encoding=Cp1252 
java_command: org.codehaus.plexus.classworlds.launcher.Launcher -B install -Dstyle.color=always
java_class_path (initial): C:\Users\sfjbs\Downloads\sts-4.14.1.RELEASE\plugins\org.eclipse.m2e.maven.runtime_1.18.3.20220227-1319\jars\plexus-classworlds-2.6.0.jar
Launcher Type: SUN_STANDARD

[Global flags]
     intx CICompilerCount                          = 2                                         {product} {ergonomic}
     uint ConcGCThreads                            = 1                                         {product} {ergonomic}
     uint G1ConcRefinementThreads                  = 2                                         {product} {ergonomic}
   size_t G1HeapRegionSize                         = 1048576                                   {product} {ergonomic}
    uintx GCDrainStackTargetSize                   = 64                                        {product} {ergonomic}
   size_t InitialHeapSize                          = 134217728                                 {product} {ergonomic}
   size_t MarkStackSize                            = 4194304                                   {product} {ergonomic}
   size_t MaxHeapSize                              = 2147483648                                {product} {ergonomic}
   size_t MaxNewSize                               = 1287651328                                {product} {ergonomic}
   size_t MinHeapDeltaBytes                        = 1048576                                   {product} {ergonomic}
    uintx NonNMethodCodeHeapSize                   = 5825164                                {pd product} {ergonomic}
    uintx NonProfiledCodeHeapSize                  = 122916538                              {pd product} {ergonomic}
    uintx ProfiledCodeHeapSize                     = 122916538                              {pd product} {ergonomic}
    uintx ReservedCodeCacheSize                    = 251658240                              {pd product} {ergonomic}
     bool SegmentedCodeCache                       = true                                      {product} {ergonomic}
     bool UseCompressedClassPointers               = true                                 {lp64_product} {ergonomic}
     bool UseCompressedOops                        = true                                 {lp64_product} {ergonomic}
     bool UseG1GC                                  = true                                      {product} {ergonomic}
     bool UseLargePagesIndividualAllocation        = false                                  {pd product} {ergonomic}

Logging:
Log output configuration:
 #0: stdout all=warning uptime,level,tags
 #1: stderr all=off uptime,level,tags

Environment Variables:
PATH=C:/Users/sfjbs/Downloads/sts-4.14.1.RELEASE//plugins/org.eclipse.justj.openjdk.hotspot.jre.full.win32.x86_64_17.0.2.v20220201-1208/jre/bin/server;C:/Users/sfjbs/Downloads/sts-4.14.1.RELEASE//plugins/org.eclipse.justj.openjdk.hotspot.jre.full.win32.x86_64_17.0.2.v20220201-1208/jre/bin;C:\Program Files\Common Files\Oracle\Java\javapath;C:\Windows\system32;C:\Windows;C:\Windows\System32\Wbem;C:\Windows\System32\WindowsPowerShell\v1.0\;C:\Windows\System32\OpenSSH\;C:\Users\sfjbs\Downloads\javamicro-20220514T173132Z-001\javamicro\apache-maven-3.8.5-bin\apache-maven-3.8.5\bin;C:\Users\sfjbs\Downloads\javamicro-20220514T173132Z-001\javamicro\apache-maven-3.8.5-bin\apache-maven-3.8.5\lib;C:\Program Files\Git\cmd;C:\Program Files\Docker\Docker\resources\bin;C:\ProgramData\DockerDesktop\version-bin;C:\Users\sfjbs\AppData\Local\Microsoft\WindowsApps;C:\Users\sfjbs\Downloads\javamicro-20220514T173132Z-001\javamicro\apache-maven-3.8.5-bin\apache-maven-3.8.5\bin;C:\Users\sfjbs\Downloads\javamicro-20220514T173132Z-001\javamicro\apache-maven-3.8.5-bin\apache-maven-3.8.5\lib;;C:\Program Files\JetBrains\IntelliJ IDEA Community Edition 2021.3.3\bin;;C:\Users\sfjbs\Downloads\sts-4.14.1.RELEASE;
USERNAME=sfjbs
OS=Windows_NT
PROCESSOR_IDENTIFIER=Intel64 Family 6 Model 85 Stepping 4, GenuineIntel



---------------  S Y S T E M  ---------------

OS: Windows 10 , 64 bit Build 19041 (10.0.19041.1706)
Hyper-V role detected

CPU:total 2 (initial active 2) (1 cores per cpu, 2 threads per core) family 6 model 85 stepping 4 microcode 0xffffffff, cmov, cx8, fxsr, mmx, sse, sse2, sse3, ssse3, sse4.1, sse4.2, popcnt, avx, avx2, aes, clmul, erms, rtm, 3dnowpref, lzcnt, ht, tsc, bmi1, bmi2, adx, fma

Memory: 4k page, system-wide physical 8190M (1768M free)
TotalPageFile size 10238M (AvailPageFile size 3M)
current process WorkingSet (physical memory assigned to process): 139M, peak: 139M
current process commit charge ("private bytes"): 235M, peak: 235M

vm_info: Java HotSpot(TM) 64-Bit Server VM (11.0.13+10-LTS-370) for windows-amd64 JRE (11.0.13+10-LTS-370), built on Sep 15 2021 22:10:36 by "mach5one" with MS VC++ 15.9 (VS2017)

END.
