#
# There is insufficient memory for the Java Runtime Environment to continue.
# Native memory allocation (mmap) failed to map 27262976 bytes for Failed to commit area from 0x0000000088000000 to 0x0000000089a00000 of length 27262976.
# Possible reasons:
#   The system is out of physical RAM or swap space
#   The process is running with CompressedOops enabled, and the Java Heap may be blocking the growth of the native heap
# Possible solutions:
#   Reduce memory load on the system
#   Increase physical memory or swap space
#   Check if swap backing store is full
#   Decrease Java heap size (-Xmx/-Xms)
#   Decrease number of Java threads
#   Decrease Java thread stack sizes (-Xss)
#   Set larger code cache with -XX:ReservedCodeCacheSize=
#   JVM is running with Unscaled Compressed Oops mode in which the Java heap is
#     placed in the first 4GB address space. The Java Heap base address is the
#     maximum limit for the native heap growth. Please use -XX:HeapBaseMinAddress
#     to set the Java Heap base and to place the Java Heap above 4GB virtual address.
# This output file may be truncated or incomplete.
#
#  Out of Memory Error (./open/src/hotspot/os/windows/os_windows.cpp:3276), pid=5976, tid=11588
#
# JRE version: Java(TM) SE Runtime Environment 18.9 (11.0.13+10) (build 11.0.13+10-LTS-370)
# Java VM: Java HotSpot(TM) 64-Bit Server VM 18.9 (11.0.13+10-LTS-370, mixed mode, tiered, compressed oops, g1 gc, windows-amd64)
# No core dump will be written. Minidumps are not enabled by default on client versions of Windows
#

---------------  S U M M A R Y ------------

Command Line: -Dmaven.home=EMBEDDED -Dclassworlds.conf=C:\Users\sfjbs\Documents\workspace-spring-tool-suite-4-4.14.1.RELEASE\.metadata\.plugins\org.eclipse.m2e.launching\launches\m2conf10585574198442766292.tmp -Dmaven.multiModuleProjectDirectory=C:\Users\sfjbs\Downloads\tcsb2_2022-main (5)\tcsb2_2022-main\day 7th globle exception added\e-cart -Djansi.force=true -Djansi.passthrough=true -Dfile.encoding=Cp1252 org.codehaus.plexus.classworlds.launcher.Launcher -B install -Dstyle.color=always

Host: Intel(R) Xeon(R) Platinum 8171M CPU @ 2.60GHz, 2 cores, 7G,  Windows 10 , 64 bit Build 19041 (10.0.19041.1706)
Time: Thu May 26 15:58:51 2022 Coordinated Universal Time elapsed time: 5.818528 seconds (0d 0h 0m 5s)

---------------  T H R E A D  ---------------

Current thread (0x0000027ec3f98800):  VMThread "VM Thread" [stack: 0x000000a6b6900000,0x000000a6b6a00000] [id=11588]

Stack: [0x000000a6b6900000,0x000000a6b6a00000]
[error occurred during error reporting (printing stack bounds), id 0xc0000005, EXCEPTION_ACCESS_VIOLATION (0xc0000005) at pc=0x0000027eadbe0f2d]

Native frames: (J=compiled Java code, j=interpreted, Vv=VM code, C=native code)
V  [jvm.dll+0x62870a]
V  [jvm.dll+0x761f2f]
V  [jvm.dll+0x7635d9]
V  [jvm.dll+0x763bc5]
V  [jvm.dll+0x763b7b]
V  [jvm.dll+0x627c53]
V  [jvm.dll+0x628308]
C  [ntdll.dll+0xa209f]
C  [ntdll.dll+0x51454]
C  [ntdll.dll+0xa0bce]
C  0x0000027eadbe0f2d

VM_Operation (0x000000a6b70fdf30): CollectForMetadataAllocation, mode: safepoint, requested by thread 0x0000027ec497b000


---------------  P R O C E S S  ---------------

Threads class SMR info:
_java_thread_list=0x0000027ec4a6d570, length=10, elements={
0x0000027ea65a7000, 0x0000027ec3f9a800, 0x0000027ec3fa4000, 0x0000027ec3fb6800,
0x0000027ec3fb8800, 0x0000027ec3fb9800, 0x0000027ec4914800, 0x0000027ec497b000,
0x0000027ec497e800, 0x0000027ec4a92800
}

Java Threads: ( => current thread )
  0x0000027ea65a7000 JavaThread "main" [_thread_blocked, id=7652, stack(0x000000a6b6300000,0x000000a6b6400000)]
  0x0000027ec3f9a800 JavaThread "Reference Handler" daemon [_thread_blocked, id=11300, stack(0x000000a6b6a00000,0x000000a6b6b00000)]
  0x0000027ec3fa4000 JavaThread "Finalizer" daemon [_thread_blocked, id=7832, stack(0x000000a6b6b00000,0x000000a6b6c00000)]
  0x0000027ec3fb6800 JavaThread "Signal Dispatcher" daemon [_thread_blocked, id=11560, stack(0x000000a6b6c00000,0x000000a6b6d00000)]
  0x0000027ec3fb8800 JavaThread "Attach Listener" daemon [_thread_blocked, id=9628, stack(0x000000a6b6d00000,0x000000a6b6e00000)]
  0x0000027ec3fb9800 JavaThread "Service Thread" daemon [_thread_blocked, id=4644, stack(0x000000a6b6e00000,0x000000a6b6f00000)]
  0x0000027ec4914800 JavaThread "C2 CompilerThread0" daemon [_thread_in_native, id=2772, stack(0x000000a6b6f00000,0x000000a6b7000000)]
  0x0000027ec497b000 JavaThread "C1 CompilerThread0" daemon [_thread_blocked, id=13108, stack(0x000000a6b7000000,0x000000a6b7100000)]
  0x0000027ec497e800 JavaThread "Sweeper thread" daemon [_thread_blocked, id=8084, stack(0x000000a6b7100000,0x000000a6b7200000)]
  0x0000027ec4a92800 JavaThread "Common-Cleaner" daemon [_thread_blocked, id=5792, stack(0x000000a6b7300000,0x000000a6b7400000)]

Other Threads:
=>0x0000027ec3f98800 VMThread "VM Thread" [stack: 0x000000a6b6900000,0x000000a6b6a00000] [id=11588]
  0x0000027ec4a91000 WatcherThread [stack: 0x000000a6b7200000,0x000000a6b7300000] [id=7900]
  0x0000027ea65bb800 GCTaskThread "GC Thread#0" [stack: 0x000000a6b6400000,0x000000a6b6500000] [id=7732]
  0x0000027ec4da1000 GCTaskThread "GC Thread#1" [stack: 0x000000a6b7400000,0x000000a6b7500000] [id=3812]
  0x0000027ea65eb000 ConcurrentGCThread "G1 Main Marker" [stack: 0x000000a6b6500000,0x000000a6b6600000] [id=4944]
  0x0000027ea65ee000 ConcurrentGCThread "G1 Conc#0" [stack: 0x000000a6b6600000,0x000000a6b6700000] [id=6504]
  0x0000027ea6673800 ConcurrentGCThread "G1 Refine#0" [stack: 0x000000a6b6700000,0x000000a6b6800000] [id=5124]
  0x0000027ea6676000 ConcurrentGCThread "G1 Young RemSet Sampling" [stack: 0x000000a6b6800000,0x000000a6b6900000] [id=11232]

Threads with active compile tasks:
C2 CompilerThread0   5831 2933   !   4       org.codehaus.plexus.interpolation.StringSearchInterpolator::interpolate (668 bytes)
C1 CompilerThread0   5831 3199       2       org.eclipse.aether.util.graph.transformer.ConflictIdSorter::buildConflitIdDAG (145 bytes)

VM state:at safepoint (normal execution)

VM Mutex/Monitor currently owned by a thread:  ([mutex/lock_event])
[0x0000027ea65a1a80] Threads_lock - owner thread: 0x0000027ec3f98800
[0x0000027ea65a19f0] Heap_lock - owner thread: 0x0000027ec497b000
[0x0000027ea65a29b0] MethodData_lock - owner thread: 0x0000027ec497b000

Heap address: 0x0000000080000000, size: 2048 MB, Compressed Oops mode: 32-bit
Narrow klass base: 0x0000000000000000, Narrow klass shift: 3
Compressed class space size: 1073741824 Address: 0x0000000100000000

Heap:
 garbage-first heap   total 157696K, used 11735K [0x0000000080000000, 0x0000000100000000)
  region size 1024K, 10 young (10240K), 10 survivors (10240K)
 Metaspace       used 20897K, capacity 21193K, committed 21248K, reserved 1069056K
  class space    used 2147K, capacity 2256K, committed 2304K, reserved 1048576K
Heap Regions: E=young(eden), S=young(survivor), O=old, HS=humongous(starts), HC=humongous(continues), CS=collection set, F=free, A=archive, TAMS=top-at-mark-start (previous, next)
|   0|0x0000000080000000, 0x0000000080100000, 0x0000000080100000|100%| O|  |TAMS 0x0000000080000000, 0x0000000080100000| Untracked 
|   1|0x0000000080100000, 0x0000000080200000, 0x0000000080200000|100%| O|  |TAMS 0x0000000080100000, 0x0000000080200000| Untracked 
|   2|0x0000000080200000, 0x000000008020aa00, 0x0000000080300000|  4%| O|  |TAMS 0x0000000080200000, 0x000000008020aa00| Untracked 
|   3|0x0000000080300000, 0x0000000080300000, 0x0000000080400000|  0%| F|  |TAMS 0x0000000080300000, 0x0000000080300000| Untracked 
|   4|0x0000000080400000, 0x0000000080400000, 0x0000000080500000|  0%| F|  |TAMS 0x0000000080400000, 0x0000000080400000| Untracked 
|   5|0x0000000080500000, 0x0000000080500000, 0x0000000080600000|  0%| F|  |TAMS 0x0000000080500000, 0x0000000080500000| Untracked 
|   6|0x0000000080600000, 0x0000000080600000, 0x0000000080700000|  0%| F|  |TAMS 0x0000000080600000, 0x0000000080600000| Untracked 
|   7|0x0000000080700000, 0x0000000080700000, 0x0000000080800000|  0%| F|  |TAMS 0x0000000080700000, 0x0000000080700000| Untracked 
|   8|0x0000000080800000, 0x0000000080800000, 0x0000000080900000|  0%| F|  |TAMS 0x0000000080800000, 0x0000000080800000| Untracked 
|   9|0x0000000080900000, 0x0000000080900000, 0x0000000080a00000|  0%| F|  |TAMS 0x0000000080900000, 0x0000000080900000| Untracked 
|  10|0x0000000080a00000, 0x0000000080a00000, 0x0000000080b00000|  0%| F|  |TAMS 0x0000000080a00000, 0x0000000080a00000| Untracked 
|  11|0x0000000080b00000, 0x0000000080b00000, 0x0000000080c00000|  0%| F|  |TAMS 0x0000000080b00000, 0x0000000080b00000| Untracked 
|  12|0x0000000080c00000, 0x0000000080c00000, 0x0000000080d00000|  0%| F|  |TAMS 0x0000000080c00000, 0x0000000080c00000| Untracked 
|  13|0x0000000080d00000, 0x0000000080d00000, 0x0000000080e00000|  0%| F|  |TAMS 0x0000000080d00000, 0x0000000080d00000| Untracked 
|  14|0x0000000080e00000, 0x0000000080e00000, 0x0000000080f00000|  0%| F|  |TAMS 0x0000000080e00000, 0x0000000080e00000| Untracked 
|  15|0x0000000080f00000, 0x0000000080f00000, 0x0000000081000000|  0%| F|  |TAMS 0x0000000080f00000, 0x0000000080f00000| Untracked 
|  16|0x0000000081000000, 0x0000000081000000, 0x0000000081100000|  0%| F|  |TAMS 0x0000000081000000, 0x0000000081000000| Untracked 
|  17|0x0000000081100000, 0x0000000081100000, 0x0000000081200000|  0%| F|  |TAMS 0x0000000081100000, 0x0000000081100000| Untracked 
|  18|0x0000000081200000, 0x0000000081200000, 0x0000000081300000|  0%| F|  |TAMS 0x0000000081200000, 0x0000000081200000| Untracked 
|  19|0x0000000081300000, 0x0000000081300000, 0x0000000081400000|  0%| F|  |TAMS 0x0000000081300000, 0x0000000081300000| Untracked 
|  20|0x0000000081400000, 0x0000000081400000, 0x0000000081500000|  0%| F|  |TAMS 0x0000000081400000, 0x0000000081400000| Untracked 
|  21|0x0000000081500000, 0x0000000081500000, 0x0000000081600000|  0%| F|  |TAMS 0x0000000081500000, 0x0000000081500000| Untracked 
|  22|0x0000000081600000, 0x0000000081600000, 0x0000000081700000|  0%| F|  |TAMS 0x0000000081600000, 0x0000000081600000| Untracked 
|  23|0x0000000081700000, 0x0000000081700000, 0x0000000081800000|  0%| F|  |TAMS 0x0000000081700000, 0x0000000081700000| Untracked 
|  24|0x0000000081800000, 0x0000000081800000, 0x0000000081900000|  0%| F|  |TAMS 0x0000000081800000, 0x0000000081800000| Untracked 
|  25|0x0000000081900000, 0x0000000081900000, 0x0000000081a00000|  0%| F|  |TAMS 0x0000000081900000, 0x0000000081900000| Untracked 
|  26|0x0000000081a00000, 0x0000000081a00000, 0x0000000081b00000|  0%| F|  |TAMS 0x0000000081a00000, 0x0000000081a00000| Untracked 
|  27|0x0000000081b00000, 0x0000000081b00000, 0x0000000081c00000|  0%| F|  |TAMS 0x0000000081b00000, 0x0000000081b00000| Untracked 
|  28|0x0000000081c00000, 0x0000000081c00000, 0x0000000081d00000|  0%| F|  |TAMS 0x0000000081c00000, 0x0000000081c00000| Untracked 
|  29|0x0000000081d00000, 0x0000000081d00000, 0x0000000081e00000|  0%| F|  |TAMS 0x0000000081d00000, 0x0000000081d00000| Untracked 
|  30|0x0000000081e00000, 0x0000000081e00000, 0x0000000081f00000|  0%| F|  |TAMS 0x0000000081e00000, 0x0000000081e00000| Untracked 
|  31|0x0000000081f00000, 0x0000000081f00000, 0x0000000082000000|  0%| F|  |TAMS 0x0000000081f00000, 0x0000000081f00000| Untracked 
|  32|0x0000000082000000, 0x0000000082000000, 0x0000000082100000|  0%| F|  |TAMS 0x0000000082000000, 0x0000000082000000| Untracked 
|  33|0x0000000082100000, 0x0000000082100000, 0x0000000082200000|  0%| F|  |TAMS 0x0000000082100000, 0x0000000082100000| Untracked 
|  34|0x0000000082200000, 0x0000000082200000, 0x0000000082300000|  0%| F|  |TAMS 0x0000000082200000, 0x0000000082200000| Untracked 
|  35|0x0000000082300000, 0x0000000082300000, 0x0000000082400000|  0%| F|  |TAMS 0x0000000082300000, 0x0000000082300000| Untracked 
|  36|0x0000000082400000, 0x0000000082400000, 0x0000000082500000|  0%| F|  |TAMS 0x0000000082400000, 0x0000000082400000| Untracked 
|  37|0x0000000082500000, 0x0000000082500000, 0x0000000082600000|  0%| F|  |TAMS 0x0000000082500000, 0x0000000082500000| Untracked 
|  38|0x0000000082600000, 0x0000000082600000, 0x0000000082700000|  0%| F|  |TAMS 0x0000000082600000, 0x0000000082600000| Untracked 
|  39|0x0000000082700000, 0x0000000082700000, 0x0000000082800000|  0%| F|  |TAMS 0x0000000082700000, 0x0000000082700000| Untracked 
|  40|0x0000000082800000, 0x0000000082800000, 0x0000000082900000|  0%| F|  |TAMS 0x0000000082800000, 0x0000000082800000| Untracked 
|  41|0x0000000082900000, 0x0000000082900000, 0x0000000082a00000|  0%| F|  |TAMS 0x0000000082900000, 0x0000000082900000| Untracked 
|  42|0x0000000082a00000, 0x0000000082a00000, 0x0000000082b00000|  0%| F|  |TAMS 0x0000000082a00000, 0x0000000082a00000| Untracked 
|  43|0x0000000082b00000, 0x0000000082b00000, 0x0000000082c00000|  0%| F|  |TAMS 0x0000000082b00000, 0x0000000082b00000| Untracked 
|  44|0x0000000082c00000, 0x0000000082c00000, 0x0000000082d00000|  0%| F|  |TAMS 0x0000000082c00000, 0x0000000082c00000| Untracked 
|  45|0x0000000082d00000, 0x0000000082d00000, 0x0000000082e00000|  0%| F|  |TAMS 0x0000000082d00000, 0x0000000082d00000| Untracked 
|  46|0x0000000082e00000, 0x0000000082e00000, 0x0000000082f00000|  0%| F|  |TAMS 0x0000000082e00000, 0x0000000082e00000| Untracked 
|  47|0x0000000082f00000, 0x0000000082f00000, 0x0000000083000000|  0%| F|  |TAMS 0x0000000082f00000, 0x0000000082f00000| Untracked 
|  48|0x0000000083000000, 0x0000000083000000, 0x0000000083100000|  0%| F|  |TAMS 0x0000000083000000, 0x0000000083000000| Untracked 
|  49|0x0000000083100000, 0x0000000083100000, 0x0000000083200000|  0%| F|  |TAMS 0x0000000083100000, 0x0000000083100000| Untracked 
|  50|0x0000000083200000, 0x0000000083200000, 0x0000000083300000|  0%| F|  |TAMS 0x0000000083200000, 0x0000000083200000| Untracked 
|  51|0x0000000083300000, 0x0000000083300000, 0x0000000083400000|  0%| F|  |TAMS 0x0000000083300000, 0x0000000083300000| Untracked 
|  52|0x0000000083400000, 0x0000000083400000, 0x0000000083500000|  0%| F|  |TAMS 0x0000000083400000, 0x0000000083400000| Untracked 
|  53|0x0000000083500000, 0x0000000083500000, 0x0000000083600000|  0%| F|  |TAMS 0x0000000083500000, 0x0000000083500000| Untracked 
|  54|0x0000000083600000, 0x0000000083600000, 0x0000000083700000|  0%| F|  |TAMS 0x0000000083600000, 0x0000000083600000| Untracked 
|  55|0x0000000083700000, 0x0000000083700000, 0x0000000083800000|  0%| F|  |TAMS 0x0000000083700000, 0x0000000083700000| Untracked 
|  56|0x0000000083800000, 0x0000000083800000, 0x0000000083900000|  0%| F|  |TAMS 0x0000000083800000, 0x0000000083800000| Untracked 
|  57|0x0000000083900000, 0x0000000083900000, 0x0000000083a00000|  0%| F|  |TAMS 0x0000000083900000, 0x0000000083900000| Untracked 
|  58|0x0000000083a00000, 0x0000000083a00000, 0x0000000083b00000|  0%| F|  |TAMS 0x0000000083a00000, 0x0000000083a00000| Untracked 
|  59|0x0000000083b00000, 0x0000000083b00000, 0x0000000083c00000|  0%| F|  |TAMS 0x0000000083b00000, 0x0000000083b00000| Untracked 
|  60|0x0000000083c00000, 0x0000000083c00000, 0x0000000083d00000|  0%| F|  |TAMS 0x0000000083c00000, 0x0000000083c00000| Untracked 
|  61|0x0000000083d00000, 0x0000000083d00000, 0x0000000083e00000|  0%| F|  |TAMS 0x0000000083d00000, 0x0000000083d00000| Untracked 
|  62|0x0000000083e00000, 0x0000000083e00000, 0x0000000083f00000|  0%| F|  |TAMS 0x0000000083e00000, 0x0000000083e00000| Untracked 
|  63|0x0000000083f00000, 0x0000000083f6b480, 0x0000000084000000| 41%| S|CS|TAMS 0x0000000083f00000, 0x0000000083f00000| Complete 
|  64|0x0000000084000000, 0x0000000084100000, 0x0000000084100000|100%| S|CS|TAMS 0x0000000084000000, 0x0000000084000000| Complete 
|  65|0x0000000084100000, 0x0000000084200000, 0x0000000084200000|100%| S|CS|TAMS 0x0000000084100000, 0x0000000084100000| Complete 
|  66|0x0000000084200000, 0x0000000084300000, 0x0000000084300000|100%| S|CS|TAMS 0x0000000084200000, 0x0000000084200000| Complete 
|  67|0x0000000084300000, 0x0000000084400000, 0x0000000084400000|100%| S|CS|TAMS 0x0000000084300000, 0x0000000084300000| Complete 
|  68|0x0000000084400000, 0x0000000084500000, 0x0000000084500000|100%| S|CS|TAMS 0x0000000084400000, 0x0000000084400000| Complete 
|  69|0x0000000084500000, 0x0000000084600000, 0x0000000084600000|100%| S|CS|TAMS 0x0000000084500000, 0x0000000084500000| Complete 
|  70|0x0000000084600000, 0x0000000084700000, 0x0000000084700000|100%| S|CS|TAMS 0x0000000084600000, 0x0000000084600000| Complete 
|  71|0x0000000084700000, 0x0000000084800000, 0x0000000084800000|100%| S|CS|TAMS 0x0000000084700000, 0x0000000084700000| Complete 
|  72|0x0000000084800000, 0x0000000084900000, 0x0000000084900000|100%| S|CS|TAMS 0x0000000084800000, 0x0000000084800000| Complete 
|  73|0x0000000084900000, 0x0000000084900000, 0x0000000084a00000|  0%| F|  |TAMS 0x0000000084900000, 0x0000000084900000| Untracked 
|  74|0x0000000084a00000, 0x0000000084a00000, 0x0000000084b00000|  0%| F|  |TAMS 0x0000000084a00000, 0x0000000084a00000| Untracked 
|  75|0x0000000084b00000, 0x0000000084b00000, 0x0000000084c00000|  0%| F|  |TAMS 0x0000000084b00000, 0x0000000084b00000| Untracked 
|  76|0x0000000084c00000, 0x0000000084c00000, 0x0000000084d00000|  0%| F|  |TAMS 0x0000000084c00000, 0x0000000084c00000| Untracked 
|  77|0x0000000084d00000, 0x0000000084d00000, 0x0000000084e00000|  0%| F|  |TAMS 0x0000000084d00000, 0x0000000084d00000| Untracked 
|  78|0x0000000084e00000, 0x0000000084e00000, 0x0000000084f00000|  0%| F|  |TAMS 0x0000000084e00000, 0x0000000084e00000| Untracked 
|  79|0x0000000084f00000, 0x0000000084f00000, 0x0000000085000000|  0%| F|  |TAMS 0x0000000084f00000, 0x0000000084f00000| Untracked 
|  80|0x0000000085000000, 0x0000000085000000, 0x0000000085100000|  0%| F|  |TAMS 0x0000000085000000, 0x0000000085000000| Untracked 
|  81|0x0000000085100000, 0x0000000085100000, 0x0000000085200000|  0%| F|  |TAMS 0x0000000085100000, 0x0000000085100000| Untracked 
|  82|0x0000000085200000, 0x0000000085200000, 0x0000000085300000|  0%| F|  |TAMS 0x0000000085200000, 0x0000000085200000| Untracked 
|  83|0x0000000085300000, 0x0000000085300000, 0x0000000085400000|  0%| F|  |TAMS 0x0000000085300000, 0x0000000085300000| Untracked 
|  84|0x0000000085400000, 0x0000000085400000, 0x0000000085500000|  0%| F|  |TAMS 0x0000000085400000, 0x0000000085400000| Untracked 
|  85|0x0000000085500000, 0x0000000085500000, 0x0000000085600000|  0%| F|  |TAMS 0x0000000085500000, 0x0000000085500000| Untracked 
|  86|0x0000000085600000, 0x0000000085600000, 0x0000000085700000|  0%| F|  |TAMS 0x0000000085600000, 0x0000000085600000| Untracked 
|  87|0x0000000085700000, 0x0000000085700000, 0x0000000085800000|  0%| F|  |TAMS 0x0000000085700000, 0x0000000085700000| Untracked 
|  88|0x0000000085800000, 0x0000000085800000, 0x0000000085900000|  0%| F|  |TAMS 0x0000000085800000, 0x0000000085800000| Untracked 
|  89|0x0000000085900000, 0x0000000085900000, 0x0000000085a00000|  0%| F|  |TAMS 0x0000000085900000, 0x0000000085900000| Untracked 
|  90|0x0000000085a00000, 0x0000000085a00000, 0x0000000085b00000|  0%| F|  |TAMS 0x0000000085a00000, 0x0000000085a00000| Untracked 
|  91|0x0000000085b00000, 0x0000000085b00000, 0x0000000085c00000|  0%| F|  |TAMS 0x0000000085b00000, 0x0000000085b00000| Untracked 
|  92|0x0000000085c00000, 0x0000000085c00000, 0x0000000085d00000|  0%| F|  |TAMS 0x0000000085c00000, 0x0000000085c00000| Untracked 
|  93|0x0000000085d00000, 0x0000000085d00000, 0x0000000085e00000|  0%| F|  |TAMS 0x0000000085d00000, 0x0000000085d00000| Untracked 
|  94|0x0000000085e00000, 0x0000000085e00000, 0x0000000085f00000|  0%| F|  |TAMS 0x0000000085e00000, 0x0000000085e00000| Untracked 
|  95|0x0000000085f00000, 0x0000000085f00000, 0x0000000086000000|  0%| F|  |TAMS 0x0000000085f00000, 0x0000000085f00000| Untracked 
|  96|0x0000000086000000, 0x0000000086000000, 0x0000000086100000|  0%| F|  |TAMS 0x0000000086000000, 0x0000000086000000| Untracked 
|  97|0x0000000086100000, 0x0000000086100000, 0x0000000086200000|  0%| F|  |TAMS 0x0000000086100000, 0x0000000086100000| Untracked 
|  98|0x0000000086200000, 0x0000000086200000, 0x0000000086300000|  0%| F|  |TAMS 0x0000000086200000, 0x0000000086200000| Untracked 
|  99|0x0000000086300000, 0x0000000086300000, 0x0000000086400000|  0%| F|  |TAMS 0x0000000086300000, 0x0000000086300000| Untracked 
| 100|0x0000000086400000, 0x0000000086400000, 0x0000000086500000|  0%| F|  |TAMS 0x0000000086400000, 0x0000000086400000| Untracked 
| 101|0x0000000086500000, 0x0000000086500000, 0x0000000086600000|  0%| F|  |TAMS 0x0000000086500000, 0x0000000086500000| Untracked 
| 102|0x0000000086600000, 0x0000000086600000, 0x0000000086700000|  0%| F|  |TAMS 0x0000000086600000, 0x0000000086600000| Untracked 
| 103|0x0000000086700000, 0x0000000086700000, 0x0000000086800000|  0%| F|  |TAMS 0x0000000086700000, 0x0000000086700000| Untracked 
| 104|0x0000000086800000, 0x0000000086800000, 0x0000000086900000|  0%| F|  |TAMS 0x0000000086800000, 0x0000000086800000| Untracked 
| 105|0x0000000086900000, 0x0000000086900000, 0x0000000086a00000|  0%| F|  |TAMS 0x0000000086900000, 0x0000000086900000| Untracked 
| 106|0x0000000086a00000, 0x0000000086a00000, 0x0000000086b00000|  0%| F|  |TAMS 0x0000000086a00000, 0x0000000086a00000| Untracked 
| 107|0x0000000086b00000, 0x0000000086b00000, 0x0000000086c00000|  0%| F|  |TAMS 0x0000000086b00000, 0x0000000086b00000| Untracked 
| 108|0x0000000086c00000, 0x0000000086c00000, 0x0000000086d00000|  0%| F|  |TAMS 0x0000000086c00000, 0x0000000086c00000| Untracked 
| 109|0x0000000086d00000, 0x0000000086d00000, 0x0000000086e00000|  0%| F|  |TAMS 0x0000000086d00000, 0x0000000086d00000| Untracked 
| 110|0x0000000086e00000, 0x0000000086e00000, 0x0000000086f00000|  0%| F|  |TAMS 0x0000000086e00000, 0x0000000086e00000| Untracked 
| 111|0x0000000086f00000, 0x0000000086f00000, 0x0000000087000000|  0%| F|  |TAMS 0x0000000086f00000, 0x0000000086f00000| Untracked 
| 112|0x0000000087000000, 0x0000000087000000, 0x0000000087100000|  0%| F|  |TAMS 0x0000000087000000, 0x0000000087000000| Untracked 
| 113|0x0000000087100000, 0x0000000087100000, 0x0000000087200000|  0%| F|  |TAMS 0x0000000087100000, 0x0000000087100000| Untracked 
| 114|0x0000000087200000, 0x0000000087200000, 0x0000000087300000|  0%| F|  |TAMS 0x0000000087200000, 0x0000000087200000| Untracked 
| 115|0x0000000087300000, 0x0000000087300000, 0x0000000087400000|  0%| F|  |TAMS 0x0000000087300000, 0x0000000087300000| Untracked 
| 116|0x0000000087400000, 0x0000000087400000, 0x0000000087500000|  0%| F|  |TAMS 0x0000000087400000, 0x0000000087400000| Untracked 
| 117|0x0000000087500000, 0x0000000087500000, 0x0000000087600000|  0%| F|  |TAMS 0x0000000087500000, 0x0000000087500000| Untracked 
| 118|0x0000000087600000, 0x0000000087600000, 0x0000000087700000|  0%| F|  |TAMS 0x0000000087600000, 0x0000000087600000| Untracked 
| 119|0x0000000087700000, 0x0000000087700000, 0x0000000087800000|  0%| F|  |TAMS 0x0000000087700000, 0x0000000087700000| Untracked 
| 120|0x0000000087800000, 0x0000000087800000, 0x0000000087900000|  0%| F|  |TAMS 0x0000000087800000, 0x0000000087800000| Untracked 
| 121|0x0000000087900000, 0x0000000087900000, 0x0000000087a00000|  0%| F|  |TAMS 0x0000000087900000, 0x0000000087900000| Untracked 
| 122|0x0000000087a00000, 0x0000000087a00000, 0x0000000087b00000|  0%| F|  |TAMS 0x0000000087a00000, 0x0000000087a00000| Untracked 
| 123|0x0000000087b00000, 0x0000000087b00000, 0x0000000087c00000|  0%| F|  |TAMS 0x0000000087b00000, 0x0000000087b00000| Untracked 
| 124|0x0000000087c00000, 0x0000000087c00000, 0x0000000087d00000|  0%| F|  |TAMS 0x0000000087c00000, 0x0000000087c00000| Untracked 
| 125|0x0000000087d00000, 0x0000000087d00000, 0x0000000087e00000|  0%| F|  |TAMS 0x0000000087d00000, 0x0000000087d00000| Untracked 
| 126|0x0000000087e00000, 0x0000000087e00000, 0x0000000087f00000|  0%| F|  |TAMS 0x0000000087e00000, 0x0000000087e00000| Untracked 
| 127|0x0000000087f00000, 0x0000000087f00000, 0x0000000088000000|  0%| F|  |TAMS 0x0000000087f00000, 0x0000000087f00000| Untracked 

Card table byte_map: [0x0000027ebd3e0000,0x0000027ebd7e0000] _byte_map_base: 0x0000027ebcfe0000

Marking Bits (Prev, Next): (CMBitMap*) 0x0000027ea65e2258, (CMBitMap*) 0x0000027ea65e2290
 Prev Bits: [0x0000027ebdbe0000, 0x0000027ebfbe0000)
 Next Bits: [0x0000027ebfbe0000, 0x0000027ec1be0000)

Polling page: 0x0000027ea4b90000

Metaspace:

Usage:
  Non-class:     18.49 MB capacity,    18.31 MB (>99%) used,   163.13 KB ( <1%) free+waste,    24.25 KB ( <1%) overhead. 
      Class:      2.20 MB capacity,     2.10 MB ( 95%) used,    99.11 KB (  4%) free+waste,     9.44 KB ( <1%) overhead. 
       Both:     20.70 MB capacity,    20.41 MB ( 99%) used,   262.23 KB (  1%) free+waste,    33.69 KB ( <1%) overhead. 

Virtual space:
  Non-class space:       20.00 MB reserved,      18.50 MB ( 93%) committed 
      Class space:        1.00 GB reserved,       2.25 MB ( <1%) committed 
             Both:        1.02 GB reserved,      20.75 MB (  2%) committed 

Chunk freelists:
   Non-Class:  896 bytes
       Class:  2.00 KB
        Both:  2.88 KB

CodeHeap 'non-profiled nmethods': size=120064Kb used=1224Kb max_used=1224Kb free=118839Kb
 bounds [0x0000027eb56a0000, 0x0000027eb5910000, 0x0000027ebcbe0000]
CodeHeap 'profiled nmethods': size=120000Kb used=6580Kb max_used=6580Kb free=113419Kb
 bounds [0x0000027eae170000, 0x0000027eae7e0000, 0x0000027eb56a0000]
CodeHeap 'non-nmethods': size=5696Kb used=1103Kb max_used=1132Kb free=4592Kb
 bounds [0x0000027eadbe0000, 0x0000027eade50000, 0x0000027eae170000]
 total_blobs=3601 nmethods=3186 adapters=326
 compilation: enabled
              stopped_count=0, restarted_count=0
 full_count=0

Compilation events (10 events):
Event: 5.777 Thread 0x0000027ec497b000 nmethod 3194 0x0000027eae7da890 code [0x0000027eae7dab60, 0x0000027eae7db5e8]
Event: 5.778 Thread 0x0000027ec497b000 3195       2       org.eclipse.aether.util.graph.transformer.ConflictMarker$Key::hashCode (77 bytes)
Event: 5.778 Thread 0x0000027ec497b000 nmethod 3195 0x0000027eae7dbc90 code [0x0000027eae7dbea0, 0x0000027eae7dc118]
Event: 5.779 Thread 0x0000027ec497b000 3196       2       org.eclipse.aether.util.graph.transformer.ConflictMarker$Key::equals (123 bytes)
Event: 5.779 Thread 0x0000027ec497b000 nmethod 3196 0x0000027eae7dc310 code [0x0000027eae7dc560, 0x0000027eae7dc958]
Event: 5.779 Thread 0x0000027ec497b000 3197       2       org.eclipse.aether.util.graph.transformer.ConflictMarker::toKey (9 bytes)
Event: 5.780 Thread 0x0000027ec497b000 nmethod 3197 0x0000027eae7dcc10 code [0x0000027eae7dcda0, 0x0000027eae7dcf18]
Event: 5.781 Thread 0x0000027ec497b000 3198       2       java.util.HashSet::isEmpty (8 bytes)
Event: 5.781 Thread 0x0000027ec497b000 nmethod 3198 0x0000027eae7dd010 code [0x0000027eae7dd1a0, 0x0000027eae7dd2b8]
Event: 5.781 Thread 0x0000027ec497b000 3199       2       org.eclipse.aether.util.graph.transformer.ConflictIdSorter::buildConflitIdDAG (145 bytes)

GC Heap History (10 events):
Event: 1.161 GC heap after
{Heap after GC invocations=1 (full 0):
 garbage-first heap   total 131072K, used 1722K [0x0000000080000000, 0x0000000100000000)
  region size 1024K, 1 young (1024K), 1 survivors (1024K)
 Metaspace       used 7831K, capacity 7998K, committed 8320K, reserved 1056768K
  class space    used 679K, capacity 772K, committed 896K, reserved 1048576K
}
Event: 1.521 GC heap before
{Heap before GC invocations=1 (full 0):
 garbage-first heap   total 131072K, used 6842K [0x0000000080000000, 0x0000000100000000)
  region size 1024K, 6 young (6144K), 1 survivors (1024K)
 Metaspace       used 10332K, capacity 10505K, committed 10624K, reserved 1058816K
  class space    used 963K, capacity 1056K, committed 1152K, reserved 1048576K
}
Event: 1.527 GC heap after
{Heap after GC invocations=2 (full 0):
 garbage-first heap   total 131072K, used 2664K [0x0000000080000000, 0x0000000100000000)
  region size 1024K, 1 young (1024K), 1 survivors (1024K)
 Metaspace       used 10332K, capacity 10505K, committed 10624K, reserved 1058816K
  class space    used 963K, capacity 1056K, committed 1152K, reserved 1048576K
}
Event: 2.054 GC heap before
{Heap before GC invocations=2 (full 0):
 garbage-first heap   total 131072K, used 15976K [0x0000000080000000, 0x0000000100000000)
  region size 1024K, 14 young (14336K), 1 survivors (1024K)
 Metaspace       used 12523K, capacity 12725K, committed 12928K, reserved 1060864K
  class space    used 1255K, capacity 1348K, committed 1408K, reserved 1048576K
}
Event: 2.059 GC heap after
{Heap after GC invocations=3 (full 0):
 garbage-first heap   total 131072K, used 3205K [0x0000000080000000, 0x0000000100000000)
  region size 1024K, 2 young (2048K), 2 survivors (2048K)
 Metaspace       used 12523K, capacity 12725K, committed 12928K, reserved 1060864K
  class space    used 1255K, capacity 1348K, committed 1408K, reserved 1048576K
}
Event: 2.669 GC heap before
{Heap before GC invocations=3 (full 0):
 garbage-first heap   total 131072K, used 22661K [0x0000000080000000, 0x0000000100000000)
  region size 1024K, 21 young (21504K), 2 survivors (2048K)
 Metaspace       used 14710K, capacity 14902K, committed 15232K, reserved 1062912K
  class space    used 1513K, capacity 1579K, committed 1664K, reserved 1048576K
}
Event: 2.676 GC heap after
{Heap after GC invocations=4 (full 0):
 garbage-first heap   total 131072K, used 3907K [0x0000000080000000, 0x0000000100000000)
  region size 1024K, 3 young (3072K), 3 survivors (3072K)
 Metaspace       used 14710K, capacity 14902K, committed 15232K, reserved 1062912K
  class space    used 1513K, capacity 1579K, committed 1664K, reserved 1048576K
}
Event: 4.450 GC heap before
{Heap before GC invocations=4 (full 0):
 garbage-first heap   total 131072K, used 38723K [0x0000000080000000, 0x0000000100000000)
  region size 1024K, 37 young (37888K), 3 survivors (3072K)
 Metaspace       used 19881K, capacity 20181K, committed 20480K, reserved 1067008K
  class space    used 2098K, capacity 2218K, committed 2304K, reserved 1048576K
}
Event: 4.470 GC heap after
{Heap after GC invocations=5 (full 0):
 garbage-first heap   total 131072K, used 7210K [0x0000000080000000, 0x0000000100000000)
  region size 1024K, 5 young (5120K), 5 survivors (5120K)
 Metaspace       used 19881K, capacity 20181K, committed 20480K, reserved 1067008K
  class space    used 2098K, capacity 2218K, committed 2304K, reserved 1048576K
}
Event: 5.782 GC heap before
{Heap before GC invocations=5 (full 0):
 garbage-first heap   total 131072K, used 57386K [0x0000000080000000, 0x0000000100000000)
  region size 1024K, 55 young (56320K), 5 survivors (5120K)
 Metaspace       used 20897K, capacity 21193K, committed 21248K, reserved 1069056K
  class space    used 2147K, capacity 2256K, committed 2304K, reserved 1048576K
}

Deoptimization events (10 events):
Event: 4.269 Thread 0x0000027ea65a7000 Uncommon trap: reason=unstable_if action=reinterpret pc=0x0000027eb571a00c method=java.lang.String.regionMatches(ZILjava/lang/String;II)Z @ 21 c2
Event: 4.390 Thread 0x0000027ea65a7000 Uncommon trap: reason=unstable_if action=reinterpret pc=0x0000027eb56a7490 method=java.lang.String.indexOf(II)I @ 4 c2
Event: 4.390 Thread 0x0000027ea65a7000 Uncommon trap: reason=unstable_if action=reinterpret pc=0x0000027eb56c7b74 method=java.lang.String.substring(II)Ljava/lang/String; @ 31 c2
Event: 5.030 Thread 0x0000027ea65a7000 Uncommon trap: reason=predicate action=maybe_recompile pc=0x0000027eb57a5f50 method=java.util.AbstractCollection.toArray([Ljava/lang/Object;)[Ljava/lang/Object; @ 43 c2
Event: 5.060 Thread 0x0000027ea65a7000 Uncommon trap: reason=array_check action=maybe_recompile pc=0x0000027eb57ab5c8 method=java.util.AbstractCollection.toArray([Ljava/lang/Object;)[Ljava/lang/Object; @ 116 c2
Event: 5.060 Thread 0x0000027ea65a7000 Uncommon trap: reason=array_check action=maybe_recompile pc=0x0000027eb57ab5c8 method=java.util.AbstractCollection.toArray([Ljava/lang/Object;)[Ljava/lang/Object; @ 116 c2
Event: 5.060 Thread 0x0000027ea65a7000 Uncommon trap: reason=array_check action=maybe_recompile pc=0x0000027eb57ab5c8 method=java.util.AbstractCollection.toArray([Ljava/lang/Object;)[Ljava/lang/Object; @ 116 c2
Event: 5.060 Thread 0x0000027ea65a7000 Uncommon trap: reason=array_check action=maybe_recompile pc=0x0000027eb57ab5c8 method=java.util.AbstractCollection.toArray([Ljava/lang/Object;)[Ljava/lang/Object; @ 116 c2
Event: 5.348 Thread 0x0000027ea65a7000 Uncommon trap: reason=unstable_if action=reinterpret pc=0x0000027eb57bdec4 method=org.apache.maven.model.io.xpp3.MavenXpp3Reader.nextTag(Lorg/codehaus/plexus/util/xml/pull/XmlPullParser;)I @ 9 c2
Event: 5.418 Thread 0x0000027ea65a7000 Uncommon trap: reason=intrinsic_or_type_checked_inlining action=make_not_entrant pc=0x0000027eb57ac554 method=java.util.Arrays.copyOf([Ljava/lang/Object;ILjava/lang/Class;)[Ljava/lang/Object; @ 35 c2

Classes redefined (0 events):
No events

Internal exceptions (8 events):
Event: 0.812 Thread 0x0000027ea65a7000 Exception <a 'java/lang/NoSuchMethodError'{0x0000000087c3ebc8}: java.lang.invoke.DirectMethodHandle$Holder.invokeSpecialIFC(Ljava/lang/Object;Ljava/lang/Object;I)I> (0x0000000087c3ebc8) thrown at [./open/src/hotspot/share/interpreter/linkResolver.cpp, lin
Event: 0.899 Thread 0x0000027ea65a7000 Exception <a 'java/lang/NullPointerException'{0x0000000087cb3088}> (0x0000000087cb3088) thrown at [./open/src/hotspot/share/interpreter/linkResolver.cpp, line 1354]
Event: 1.851 Thread 0x0000027ea65a7000 Exception <a 'java/lang/NoClassDefFoundError'{0x00000000878977f8}: javax/enterprise/inject/Typed> (0x00000000878977f8) thrown at [./open/src/hotspot/share/classfile/systemDictionary.cpp, line 216]
Event: 3.627 Thread 0x0000027ea65a7000 Exception <a 'java/lang/NoClassDefFoundError'{0x0000000086f6c328}: com/google/inject/servlet/ServletModuleTargetVisitor> (0x0000000086f6c328) thrown at [./open/src/hotspot/share/classfile/systemDictionary.cpp, line 216]
Event: 3.627 Thread 0x0000027ea65a7000 Exception <a 'java/lang/NoClassDefFoundError'{0x0000000086f6c328}> (0x0000000086f6c328) thrown at [./open/src/hotspot/share/prims/jvm.cpp, line 1309]
Event: 3.772 Thread 0x0000027ea65a7000 Exception <a 'java/lang/NoSuchMethodError'{0x0000000086d2c050}: java.lang.invoke.DirectMethodHandle$Holder.invokeStaticInit(Ljava/lang/Object;IIII)Ljava/lang/Object;> (0x0000000086d2c050) thrown at [./open/src/hotspot/share/interpreter/linkResolver.cpp, l
Event: 3.937 Thread 0x0000027ea65a7000 Implicit null exception at 0x0000027eb56c2274 to 0x0000027eb56c2780
Event: 3.937 Thread 0x0000027ea65a7000 Implicit null exception at 0x0000027eb56c3374 to 0x0000027eb56c3860

Events (10 events):
Event: 5.773 loading class org/eclipse/aether/util/graph/transformer/ConflictMarker$Key done
Event: 5.774 loading class org/eclipse/aether/util/graph/transformer/ConflictMarker$ConflictGroup
Event: 5.774 loading class org/eclipse/aether/util/graph/transformer/ConflictMarker$ConflictGroup done
Event: 5.778 loading class java/util/IdentityHashMap$KeyIterator
Event: 5.778 loading class java/util/IdentityHashMap$IdentityHashMapIterator
Event: 5.778 loading class java/util/IdentityHashMap$IdentityHashMapIterator done
Event: 5.778 loading class java/util/IdentityHashMap$KeyIterator done
Event: 5.780 loading class org/eclipse/aether/util/graph/transformer/ConflictIdSorter$ConflictId
Event: 5.780 loading class org/eclipse/aether/util/graph/transformer/ConflictIdSorter$ConflictId done
Event: 5.782 Executing VM operation: CollectForMetadataAllocation


Dynamic libraries:
0x00007ff7d4700000 - 0x00007ff7d470f000 	C:\Program Files\Java\jdk-11.0.13\bin\javaw.exe
0x00007fff97750000 - 0x00007fff97945000 	C:\Windows\SYSTEM32\ntdll.dll
0x00007fff960a0000 - 0x00007fff9615d000 	C:\Windows\System32\KERNEL32.DLL
0x00007fff95290000 - 0x00007fff9555d000 	C:\Windows\System32\KERNELBASE.dll
0x00007fff95560000 - 0x00007fff95660000 	C:\Windows\System32\ucrtbase.dll
0x00007fff7e5b0000 - 0x00007fff7e5c8000 	C:\Program Files\Java\jdk-11.0.13\bin\jli.dll
0x00007fff961c0000 - 0x00007fff9626e000 	C:\Windows\System32\ADVAPI32.dll
0x00007fff97450000 - 0x00007fff974ee000 	C:\Windows\System32\msvcrt.dll
0x00007fff96600000 - 0x00007fff9669c000 	C:\Windows\System32\sechost.dll
0x00007fff96dc0000 - 0x00007fff96ee5000 	C:\Windows\System32\RPCRT4.dll
0x00007fff974f0000 - 0x00007fff97690000 	C:\Windows\System32\USER32.dll
0x00007fff95000000 - 0x00007fff95022000 	C:\Windows\System32\win32u.dll
0x00007fff96d90000 - 0x00007fff96dba000 	C:\Windows\System32\GDI32.dll
0x00007fff94ef0000 - 0x00007fff94ffb000 	C:\Windows\System32\gdi32full.dll
0x00007fff956d0000 - 0x00007fff9576d000 	C:\Windows\System32\msvcp_win.dll
0x00007fff7e590000 - 0x00007fff7e5a5000 	C:\Program Files\Java\jdk-11.0.13\bin\VCRUNTIME140.dll
0x00007fff76fe0000 - 0x00007fff7727a000 	C:\Windows\WinSxS\amd64_microsoft.windows.common-controls_6595b64144ccf1df_6.0.19041.1110_none_60b5254171f9507e\COMCTL32.dll
0x00007fff8c810000 - 0x00007fff8c81a000 	C:\Windows\SYSTEM32\VERSION.dll
0x00007fff97350000 - 0x00007fff97380000 	C:\Windows\System32\IMM32.DLL
0x00007fff7dfa0000 - 0x00007fff7e03b000 	C:\Program Files\Java\jdk-11.0.13\bin\msvcp140.dll
0x00007fff5f0c0000 - 0x00007fff5fbd3000 	C:\Program Files\Java\jdk-11.0.13\bin\server\jvm.dll
0x00007fff97250000 - 0x00007fff97258000 	C:\Windows\System32\PSAPI.DLL
0x00007fff8e410000 - 0x00007fff8e419000 	C:\Windows\SYSTEM32\WSOCK32.dll
0x00007fff96b20000 - 0x00007fff96b8b000 	C:\Windows\System32\WS2_32.dll
0x00007fff75270000 - 0x00007fff75297000 	C:\Windows\SYSTEM32\WINMM.dll
0x00007fff92d40000 - 0x00007fff92d52000 	C:\Windows\SYSTEM32\kernel.appcore.dll
0x00007fff8e470000 - 0x00007fff8e480000 	C:\Program Files\Java\jdk-11.0.13\bin\verify.dll
0x00007fff8d590000 - 0x00007fff8d774000 	C:\Windows\SYSTEM32\DBGHELP.DLL
0x00007fff8d560000 - 0x00007fff8d58c000 	C:\Windows\SYSTEM32\dbgcore.DLL
0x00007fff94e60000 - 0x00007fff94ee2000 	C:\Windows\System32\bcryptPrimitives.dll
0x00007fff7e4a0000 - 0x00007fff7e4c8000 	C:\Program Files\Java\jdk-11.0.13\bin\java.dll
0x00007fff7fef0000 - 0x00007fff7fefa000 	C:\Program Files\Java\jdk-11.0.13\bin\jimage.dll
0x00007fff7e560000 - 0x00007fff7e576000 	C:\Program Files\Java\jdk-11.0.13\bin\zip.dll
0x00007fff957a0000 - 0x00007fff95ee4000 	C:\Windows\System32\SHELL32.dll
0x00007fff92f40000 - 0x00007fff936d4000 	C:\Windows\SYSTEM32\windows.storage.dll
0x00007fff96ef0000 - 0x00007fff97244000 	C:\Windows\System32\combase.dll
0x00007fff94710000 - 0x00007fff9473c000 	C:\Windows\SYSTEM32\Wldp.dll
0x00007fff96380000 - 0x00007fff9642d000 	C:\Windows\System32\SHCORE.dll
0x00007fff96b90000 - 0x00007fff96be5000 	C:\Windows\System32\shlwapi.dll
0x00007fff94da0000 - 0x00007fff94dbf000 	C:\Windows\SYSTEM32\profapi.dll
0x00007fff7e480000 - 0x00007fff7e499000 	C:\Program Files\Java\jdk-11.0.13\bin\net.dll
0x00007fff8b7e0000 - 0x00007fff8b8ea000 	C:\Windows\SYSTEM32\WINHTTP.dll
0x00007fff944f0000 - 0x00007fff9455a000 	C:\Windows\system32\mswsock.dll
0x00007fff7e460000 - 0x00007fff7e472000 	C:\Program Files\Java\jdk-11.0.13\bin\nio.dll
0x0000000069ac0000 - 0x0000000069ae4000 	C:\Users\sfjbs\AppData\Local\Temp\jansi-2.4.0-847d59b658a4017a-jansi.dll

dbghelp: loaded successfully - version: 4.0.5 - missing functions: none
symbol engine: initialized successfully - sym options: 0x614 - pdb path: .;C:\Program Files\Java\jdk-11.0.13\bin;C:\Windows\SYSTEM32;C:\Windows\WinSxS\amd64_microsoft.windows.common-controls_6595b64144ccf1df_6.0.19041.1110_none_60b5254171f9507e;C:\Program Files\Java\jdk-11.0.13\bin\server;C:\Users\sfjbs\AppData\Local\Temp

VM Arguments:
jvm_args: -Dmaven.home=EMBEDDED -Dclassworlds.conf=C:\Users\sfjbs\Documents\workspace-spring-tool-suite-4-4.14.1.RELEASE\.metadata\.plugins\org.eclipse.m2e.launching\launches\m2conf10585574198442766292.tmp -Dmaven.multiModuleProjectDirectory=C:\Users\sfjbs\Downloads\tcsb2_2022-main (5)\tcsb2_2022-main\day 7th globle exception added\e-cart -Djansi.force=true -Djansi.passthrough=true -Dfile.encoding=Cp1252 
java_command: org.codehaus.plexus.classworlds.launcher.Launcher -B install -Dstyle.color=always
java_class_path (initial): C:\Users\sfjbs\Downloads\sts-4.14.1.RELEASE\plugins\org.eclipse.m2e.maven.runtime_1.18.3.20220227-1319\jars\plexus-classworlds-2.6.0.jar
Launcher Type: SUN_STANDARD

[Global flags]
     intx CICompilerCount                          = 2                                         {product} {ergonomic}
     uint ConcGCThreads                            = 1                                         {product} {ergonomic}
     uint G1ConcRefinementThreads                  = 2                                         {product} {ergonomic}
   size_t G1HeapRegionSize                         = 1048576                                   {product} {ergonomic}
    uintx GCDrainStackTargetSize                   = 64                                        {product} {ergonomic}
   size_t InitialHeapSize                          = 134217728                                 {product} {ergonomic}
   size_t MarkStackSize                            = 4194304                                   {product} {ergonomic}
   size_t MaxHeapSize                              = 2147483648                                {product} {ergonomic}
   size_t MaxNewSize                               = 1287651328                                {product} {ergonomic}
   size_t MinHeapDeltaBytes                        = 1048576                                   {product} {ergonomic}
    uintx NonNMethodCodeHeapSize                   = 5825164                                {pd product} {ergonomic}
    uintx NonProfiledCodeHeapSize                  = 122916538                              {pd product} {ergonomic}
    uintx ProfiledCodeHeapSize                     = 122916538                              {pd product} {ergonomic}
    uintx ReservedCodeCacheSize                    = 251658240                              {pd product} {ergonomic}
     bool SegmentedCodeCache                       = true                                      {product} {ergonomic}
     bool UseCompressedClassPointers               = true                                 {lp64_product} {ergonomic}
     bool UseCompressedOops                        = true                                 {lp64_product} {ergonomic}
     bool UseG1GC                                  = true                                      {product} {ergonomic}
     bool UseLargePagesIndividualAllocation        = false                                  {pd product} {ergonomic}

Logging:
Log output configuration:
 #0: stdout all=warning uptime,level,tags
 #1: stderr all=off uptime,level,tags

Environment Variables:
PATH=C:/Users/sfjbs/Downloads/sts-4.14.1.RELEASE//plugins/org.eclipse.justj.openjdk.hotspot.jre.full.win32.x86_64_17.0.2.v20220201-1208/jre/bin/server;C:/Users/sfjbs/Downloads/sts-4.14.1.RELEASE//plugins/org.eclipse.justj.openjdk.hotspot.jre.full.win32.x86_64_17.0.2.v20220201-1208/jre/bin;C:\Program Files\Common Files\Oracle\Java\javapath;C:\Windows\system32;C:\Windows;C:\Windows\System32\Wbem;C:\Windows\System32\WindowsPowerShell\v1.0\;C:\Windows\System32\OpenSSH\;C:\Users\sfjbs\Downloads\javamicro-20220514T173132Z-001\javamicro\apache-maven-3.8.5-bin\apache-maven-3.8.5\bin;C:\Users\sfjbs\Downloads\javamicro-20220514T173132Z-001\javamicro\apache-maven-3.8.5-bin\apache-maven-3.8.5\lib;C:\Program Files\Git\cmd;C:\Program Files\Docker\Docker\resources\bin;C:\ProgramData\DockerDesktop\version-bin;C:\Users\sfjbs\AppData\Local\Microsoft\WindowsApps;C:\Users\sfjbs\Downloads\javamicro-20220514T173132Z-001\javamicro\apache-maven-3.8.5-bin\apache-maven-3.8.5\bin;C:\Users\sfjbs\Downloads\javamicro-20220514T173132Z-001\javamicro\apache-maven-3.8.5-bin\apache-maven-3.8.5\lib;;C:\Program Files\JetBrains\IntelliJ IDEA Community Edition 2021.3.3\bin;;C:\Users\sfjbs\Downloads\sts-4.14.1.RELEASE;
USERNAME=sfjbs
OS=Windows_NT
PROCESSOR_IDENTIFIER=Intel64 Family 6 Model 85 Stepping 4, GenuineIntel



---------------  S Y S T E M  ---------------

OS: Windows 10 , 64 bit Build 19041 (10.0.19041.1706)
Hyper-V role detected

CPU:total 2 (initial active 2) (1 cores per cpu, 2 threads per core) family 6 model 85 stepping 4 microcode 0xffffffff, cmov, cx8, fxsr, mmx, sse, sse2, sse3, ssse3, sse4.1, sse4.2, popcnt, avx, avx2, aes, clmul, erms, rtm, 3dnowpref, lzcnt, ht, tsc, bmi1, bmi2, adx, fma

Memory: 4k page, system-wide physical 8190M (1850M free)
TotalPageFile size 10238M (AvailPageFile size 15M)
current process WorkingSet (physical memory assigned to process): 150M, peak: 150M
current process commit charge ("private bytes"): 242M, peak: 266M

vm_info: Java HotSpot(TM) 64-Bit Server VM (11.0.13+10-LTS-370) for windows-amd64 JRE (11.0.13+10-LTS-370), built on Sep 15 2021 22:10:36 by "mach5one" with MS VC++ 15.9 (VS2017)

END.
