#
# There is insufficient memory for the Java Runtime Environment to continue.
# Native memory allocation (malloc) failed to allocate 1048576 bytes for AllocateHeap
# Possible reasons:
#   The system is out of physical RAM or swap space
#   The process is running with CompressedOops enabled, and the Java Heap may be blocking the growth of the native heap
# Possible solutions:
#   Reduce memory load on the system
#   Increase physical memory or swap space
#   Check if swap backing store is full
#   Decrease Java heap size (-Xmx/-Xms)
#   Decrease number of Java threads
#   Decrease Java thread stack sizes (-Xss)
#   Set larger code cache with -XX:ReservedCodeCacheSize=
#   JVM is running with Unscaled Compressed Oops mode in which the Java heap is
#     placed in the first 4GB address space. The Java Heap base address is the
#     maximum limit for the native heap growth. Please use -XX:HeapBaseMinAddress
#     to set the Java Heap base and to place the Java Heap above 4GB virtual address.
# This output file may be truncated or incomplete.
#
#  Out of Memory Error (./open/src/hotspot/share/memory/allocation.cpp:46), pid=9836, tid=9572
#
# JRE version: Java(TM) SE Runtime Environment 18.9 (11.0.13+10) (build 11.0.13+10-LTS-370)
# Java VM: Java HotSpot(TM) 64-Bit Server VM 18.9 (11.0.13+10-LTS-370, mixed mode, tiered, compressed oops, g1 gc, windows-amd64)
# No core dump will be written. Minidumps are not enabled by default on client versions of Windows
#

---------------  S U M M A R Y ------------

Command Line: -Dmaven.home=EMBEDDED -Dclassworlds.conf=C:\Users\sfjbs\Documents\wrkpsc\.metadata\.plugins\org.eclipse.m2e.launching\launches\m2conf9731821602574510045.tmp -Dmaven.multiModuleProjectDirectory=C:\Users\sfjbs\Documents\wrkpsc\Employee -Djansi.force=true -Djansi.passthrough=true -Dfile.encoding=Cp1252 org.codehaus.plexus.classworlds.launcher.Launcher -Ppom.xml -B install -Dstyle.color=always

Host: Intel(R) Xeon(R) Platinum 8171M CPU @ 2.60GHz, 2 cores, 7G,  Windows 10 , 64 bit Build 19041 (10.0.19041.1706)
Time: Fri May 27 18:04:41 2022 Coordinated Universal Time elapsed time: 3.227905 seconds (0d 0h 0m 3s)

---------------  T H R E A D  ---------------

Current thread (0x00000182c87fc000):  VMThread "VM Thread" [stack: 0x0000004d25000000,0x0000004d25100000] [id=9572]

Stack: [0x0000004d25000000,0x0000004d25100000]
[error occurred during error reporting (printing stack bounds), id 0xc0000005, EXCEPTION_ACCESS_VIOLATION (0xc0000005) at pc=0x00000182b23f0f2d]

Native frames: (J=compiled Java code, j=interpreted, Vv=VM code, C=native code)
V  [jvm.dll+0x62870a]
V  [jvm.dll+0x761f2f]
V  [jvm.dll+0x7635d9]
V  [jvm.dll+0x763bc5]
V  [jvm.dll+0x763b7b]
V  [jvm.dll+0x627c53]
V  [jvm.dll+0x628308]
C  [ntdll.dll+0xa209f]
C  [ntdll.dll+0x51454]
C  [ntdll.dll+0xa0bce]
C  0x00000182b23f0f2d

VM_Operation (0x0000004d24afb2f0): CollectForMetadataAllocation, mode: safepoint, requested by thread 0x00000182a95b6800


---------------  P R O C E S S  ---------------

Threads class SMR info:
_java_thread_list=0x00000182c92c08b0, length=10, elements={
0x00000182a95b6800, 0x00000182c880e800, 0x00000182c8819800, 0x00000182c880a800,
0x00000182c9160800, 0x00000182c9161800, 0x00000182c9167800, 0x00000182c91c9800,
0x00000182c91dc000, 0x00000182c931b000
}

Java Threads: ( => current thread )
  0x00000182a95b6800 JavaThread "main" [_thread_blocked, id=10600, stack(0x0000004d24a00000,0x0000004d24b00000)]
  0x00000182c880e800 JavaThread "Reference Handler" daemon [_thread_blocked, id=5164, stack(0x0000004d25100000,0x0000004d25200000)]
  0x00000182c8819800 JavaThread "Finalizer" daemon [_thread_blocked, id=6332, stack(0x0000004d25200000,0x0000004d25300000)]
  0x00000182c880a800 JavaThread "Signal Dispatcher" daemon [_thread_blocked, id=11596, stack(0x0000004d25300000,0x0000004d25400000)]
  0x00000182c9160800 JavaThread "Attach Listener" daemon [_thread_blocked, id=6424, stack(0x0000004d25400000,0x0000004d25500000)]
  0x00000182c9161800 JavaThread "Service Thread" daemon [_thread_blocked, id=12232, stack(0x0000004d25500000,0x0000004d25600000)]
  0x00000182c9167800 JavaThread "C2 CompilerThread0" daemon [_thread_blocked, id=11416, stack(0x0000004d25600000,0x0000004d25700000)]
  0x00000182c91c9800 JavaThread "C1 CompilerThread0" daemon [_thread_blocked, id=12840, stack(0x0000004d25700000,0x0000004d25800000)]
  0x00000182c91dc000 JavaThread "Sweeper thread" daemon [_thread_blocked, id=3508, stack(0x0000004d25800000,0x0000004d25900000)]
  0x00000182c931b000 JavaThread "Common-Cleaner" daemon [_thread_blocked, id=3628, stack(0x0000004d25a00000,0x0000004d25b00000)]

Other Threads:
=>0x00000182c87fc000 VMThread "VM Thread" [stack: 0x0000004d25000000,0x0000004d25100000] [id=9572]
  0x00000182c9314800 WatcherThread [stack: 0x0000004d25900000,0x0000004d25a00000] [id=11920]
  0x00000182a95cb800 GCTaskThread "GC Thread#0" [stack: 0x0000004d24b00000,0x0000004d24c00000] [id=5272]
  0x00000182c9785000 GCTaskThread "GC Thread#1" [stack: 0x0000004d25b00000,0x0000004d25c00000] [id=9656]
  0x00000182a95fb000 ConcurrentGCThread "G1 Main Marker" [stack: 0x0000004d24c00000,0x0000004d24d00000] [id=6852]
  0x00000182a95fd800 ConcurrentGCThread "G1 Conc#0" [stack: 0x0000004d24d00000,0x0000004d24e00000] [id=9424]
  0x00000182a9682800 ConcurrentGCThread "G1 Refine#0" [stack: 0x0000004d24e00000,0x0000004d24f00000] [id=4084]
  0x00000182a9685000 ConcurrentGCThread "G1 Young RemSet Sampling" [stack: 0x0000004d24f00000,0x0000004d25000000] [id=11448]

Threads with active compile tasks:

VM state:at safepoint (normal execution)

VM Mutex/Monitor currently owned by a thread:  ([mutex/lock_event])
[0x00000182a95b29c0] Threads_lock - owner thread: 0x00000182c87fc000
[0x00000182a95b3c50] Heap_lock - owner thread: 0x00000182a95b6800

Heap address: 0x0000000080000000, size: 2048 MB, Compressed Oops mode: 32-bit
Narrow klass base: 0x0000000000000000, Narrow klass shift: 3
Compressed class space size: 1073741824 Address: 0x0000000100000000

Heap:
 garbage-first heap   total 131072K, used 4223K [0x0000000080000000, 0x0000000100000000)
  region size 1024K, 2 young (2048K), 2 survivors (2048K)
 Metaspace       used 14975K, capacity 15182K, committed 15232K, reserved 1071104K
  class space    used 1539K, capacity 1652K, committed 1664K, reserved 1048576K
Heap Regions: E=young(eden), S=young(survivor), O=old, HS=humongous(starts), HC=humongous(continues), CS=collection set, F=free, A=archive, TAMS=top-at-mark-start (previous, next)
|   0|0x0000000080000000, 0x0000000080100000, 0x0000000080100000|100%| O|  |TAMS 0x0000000080000000, 0x0000000080100000| Untracked 
|   1|0x0000000080100000, 0x0000000080200000, 0x0000000080200000|100%| O|  |TAMS 0x0000000080100000, 0x0000000080200000| Untracked 
|   2|0x0000000080200000, 0x0000000080223200, 0x0000000080300000| 13%| O|  |TAMS 0x0000000080200000, 0x0000000080223200| Untracked 
|   3|0x0000000080300000, 0x0000000080300000, 0x0000000080400000|  0%| F|  |TAMS 0x0000000080300000, 0x0000000080300000| Untracked 
|   4|0x0000000080400000, 0x0000000080400000, 0x0000000080500000|  0%| F|  |TAMS 0x0000000080400000, 0x0000000080400000| Untracked 
|   5|0x0000000080500000, 0x0000000080500000, 0x0000000080600000|  0%| F|  |TAMS 0x0000000080500000, 0x0000000080500000| Untracked 
|   6|0x0000000080600000, 0x0000000080600000, 0x0000000080700000|  0%| F|  |TAMS 0x0000000080600000, 0x0000000080600000| Untracked 
|   7|0x0000000080700000, 0x0000000080700000, 0x0000000080800000|  0%| F|  |TAMS 0x0000000080700000, 0x0000000080700000| Untracked 
|   8|0x0000000080800000, 0x0000000080800000, 0x0000000080900000|  0%| F|  |TAMS 0x0000000080800000, 0x0000000080800000| Untracked 
|   9|0x0000000080900000, 0x0000000080900000, 0x0000000080a00000|  0%| F|  |TAMS 0x0000000080900000, 0x0000000080900000| Untracked 
|  10|0x0000000080a00000, 0x0000000080a00000, 0x0000000080b00000|  0%| F|  |TAMS 0x0000000080a00000, 0x0000000080a00000| Untracked 
|  11|0x0000000080b00000, 0x0000000080b00000, 0x0000000080c00000|  0%| F|  |TAMS 0x0000000080b00000, 0x0000000080b00000| Untracked 
|  12|0x0000000080c00000, 0x0000000080c00000, 0x0000000080d00000|  0%| F|  |TAMS 0x0000000080c00000, 0x0000000080c00000| Untracked 
|  13|0x0000000080d00000, 0x0000000080d00000, 0x0000000080e00000|  0%| F|  |TAMS 0x0000000080d00000, 0x0000000080d00000| Untracked 
|  14|0x0000000080e00000, 0x0000000080e00000, 0x0000000080f00000|  0%| F|  |TAMS 0x0000000080e00000, 0x0000000080e00000| Untracked 
|  15|0x0000000080f00000, 0x0000000080f00000, 0x0000000081000000|  0%| F|  |TAMS 0x0000000080f00000, 0x0000000080f00000| Untracked 
|  16|0x0000000081000000, 0x0000000081000000, 0x0000000081100000|  0%| F|  |TAMS 0x0000000081000000, 0x0000000081000000| Untracked 
|  17|0x0000000081100000, 0x0000000081100000, 0x0000000081200000|  0%| F|  |TAMS 0x0000000081100000, 0x0000000081100000| Untracked 
|  18|0x0000000081200000, 0x0000000081200000, 0x0000000081300000|  0%| F|  |TAMS 0x0000000081200000, 0x0000000081200000| Untracked 
|  19|0x0000000081300000, 0x0000000081300000, 0x0000000081400000|  0%| F|  |TAMS 0x0000000081300000, 0x0000000081300000| Untracked 
|  20|0x0000000081400000, 0x0000000081400000, 0x0000000081500000|  0%| F|  |TAMS 0x0000000081400000, 0x0000000081400000| Untracked 
|  21|0x0000000081500000, 0x0000000081500000, 0x0000000081600000|  0%| F|  |TAMS 0x0000000081500000, 0x0000000081500000| Untracked 
|  22|0x0000000081600000, 0x0000000081600000, 0x0000000081700000|  0%| F|  |TAMS 0x0000000081600000, 0x0000000081600000| Untracked 
|  23|0x0000000081700000, 0x0000000081700000, 0x0000000081800000|  0%| F|  |TAMS 0x0000000081700000, 0x0000000081700000| Untracked 
|  24|0x0000000081800000, 0x0000000081800000, 0x0000000081900000|  0%| F|  |TAMS 0x0000000081800000, 0x0000000081800000| Untracked 
|  25|0x0000000081900000, 0x0000000081900000, 0x0000000081a00000|  0%| F|  |TAMS 0x0000000081900000, 0x0000000081900000| Untracked 
|  26|0x0000000081a00000, 0x0000000081a00000, 0x0000000081b00000|  0%| F|  |TAMS 0x0000000081a00000, 0x0000000081a00000| Untracked 
|  27|0x0000000081b00000, 0x0000000081b00000, 0x0000000081c00000|  0%| F|  |TAMS 0x0000000081b00000, 0x0000000081b00000| Untracked 
|  28|0x0000000081c00000, 0x0000000081c00000, 0x0000000081d00000|  0%| F|  |TAMS 0x0000000081c00000, 0x0000000081c00000| Untracked 
|  29|0x0000000081d00000, 0x0000000081d00000, 0x0000000081e00000|  0%| F|  |TAMS 0x0000000081d00000, 0x0000000081d00000| Untracked 
|  30|0x0000000081e00000, 0x0000000081e00000, 0x0000000081f00000|  0%| F|  |TAMS 0x0000000081e00000, 0x0000000081e00000| Untracked 
|  31|0x0000000081f00000, 0x0000000081f00000, 0x0000000082000000|  0%| F|  |TAMS 0x0000000081f00000, 0x0000000081f00000| Untracked 
|  32|0x0000000082000000, 0x0000000082000000, 0x0000000082100000|  0%| F|  |TAMS 0x0000000082000000, 0x0000000082000000| Untracked 
|  33|0x0000000082100000, 0x0000000082100000, 0x0000000082200000|  0%| F|  |TAMS 0x0000000082100000, 0x0000000082100000| Untracked 
|  34|0x0000000082200000, 0x0000000082200000, 0x0000000082300000|  0%| F|  |TAMS 0x0000000082200000, 0x0000000082200000| Untracked 
|  35|0x0000000082300000, 0x0000000082300000, 0x0000000082400000|  0%| F|  |TAMS 0x0000000082300000, 0x0000000082300000| Untracked 
|  36|0x0000000082400000, 0x0000000082400000, 0x0000000082500000|  0%| F|  |TAMS 0x0000000082400000, 0x0000000082400000| Untracked 
|  37|0x0000000082500000, 0x0000000082500000, 0x0000000082600000|  0%| F|  |TAMS 0x0000000082500000, 0x0000000082500000| Untracked 
|  38|0x0000000082600000, 0x0000000082600000, 0x0000000082700000|  0%| F|  |TAMS 0x0000000082600000, 0x0000000082600000| Untracked 
|  39|0x0000000082700000, 0x0000000082700000, 0x0000000082800000|  0%| F|  |TAMS 0x0000000082700000, 0x0000000082700000| Untracked 
|  40|0x0000000082800000, 0x0000000082800000, 0x0000000082900000|  0%| F|  |TAMS 0x0000000082800000, 0x0000000082800000| Untracked 
|  41|0x0000000082900000, 0x0000000082900000, 0x0000000082a00000|  0%| F|  |TAMS 0x0000000082900000, 0x0000000082900000| Untracked 
|  42|0x0000000082a00000, 0x0000000082a00000, 0x0000000082b00000|  0%| F|  |TAMS 0x0000000082a00000, 0x0000000082a00000| Untracked 
|  43|0x0000000082b00000, 0x0000000082b00000, 0x0000000082c00000|  0%| F|  |TAMS 0x0000000082b00000, 0x0000000082b00000| Untracked 
|  44|0x0000000082c00000, 0x0000000082c00000, 0x0000000082d00000|  0%| F|  |TAMS 0x0000000082c00000, 0x0000000082c00000| Untracked 
|  45|0x0000000082d00000, 0x0000000082d00000, 0x0000000082e00000|  0%| F|  |TAMS 0x0000000082d00000, 0x0000000082d00000| Untracked 
|  46|0x0000000082e00000, 0x0000000082e00000, 0x0000000082f00000|  0%| F|  |TAMS 0x0000000082e00000, 0x0000000082e00000| Untracked 
|  47|0x0000000082f00000, 0x0000000082f00000, 0x0000000083000000|  0%| F|  |TAMS 0x0000000082f00000, 0x0000000082f00000| Untracked 
|  48|0x0000000083000000, 0x0000000083000000, 0x0000000083100000|  0%| F|  |TAMS 0x0000000083000000, 0x0000000083000000| Untracked 
|  49|0x0000000083100000, 0x0000000083100000, 0x0000000083200000|  0%| F|  |TAMS 0x0000000083100000, 0x0000000083100000| Untracked 
|  50|0x0000000083200000, 0x0000000083200000, 0x0000000083300000|  0%| F|  |TAMS 0x0000000083200000, 0x0000000083200000| Untracked 
|  51|0x0000000083300000, 0x0000000083300000, 0x0000000083400000|  0%| F|  |TAMS 0x0000000083300000, 0x0000000083300000| Untracked 
|  52|0x0000000083400000, 0x0000000083400000, 0x0000000083500000|  0%| F|  |TAMS 0x0000000083400000, 0x0000000083400000| Untracked 
|  53|0x0000000083500000, 0x0000000083500000, 0x0000000083600000|  0%| F|  |TAMS 0x0000000083500000, 0x0000000083500000| Untracked 
|  54|0x0000000083600000, 0x0000000083600000, 0x0000000083700000|  0%| F|  |TAMS 0x0000000083600000, 0x0000000083600000| Untracked 
|  55|0x0000000083700000, 0x0000000083700000, 0x0000000083800000|  0%| F|  |TAMS 0x0000000083700000, 0x0000000083700000| Untracked 
|  56|0x0000000083800000, 0x0000000083800000, 0x0000000083900000|  0%| F|  |TAMS 0x0000000083800000, 0x0000000083800000| Untracked 
|  57|0x0000000083900000, 0x0000000083900000, 0x0000000083a00000|  0%| F|  |TAMS 0x0000000083900000, 0x0000000083900000| Untracked 
|  58|0x0000000083a00000, 0x0000000083a00000, 0x0000000083b00000|  0%| F|  |TAMS 0x0000000083a00000, 0x0000000083a00000| Untracked 
|  59|0x0000000083b00000, 0x0000000083b00000, 0x0000000083c00000|  0%| F|  |TAMS 0x0000000083b00000, 0x0000000083b00000| Untracked 
|  60|0x0000000083c00000, 0x0000000083c00000, 0x0000000083d00000|  0%| F|  |TAMS 0x0000000083c00000, 0x0000000083c00000| Untracked 
|  61|0x0000000083d00000, 0x0000000083d00000, 0x0000000083e00000|  0%| F|  |TAMS 0x0000000083d00000, 0x0000000083d00000| Untracked 
|  62|0x0000000083e00000, 0x0000000083e00000, 0x0000000083f00000|  0%| F|  |TAMS 0x0000000083e00000, 0x0000000083e00000| Untracked 
|  63|0x0000000083f00000, 0x0000000083f00000, 0x0000000084000000|  0%| F|  |TAMS 0x0000000083f00000, 0x0000000083f00000| Untracked 
|  64|0x0000000084000000, 0x0000000084000000, 0x0000000084100000|  0%| F|  |TAMS 0x0000000084000000, 0x0000000084000000| Untracked 
|  65|0x0000000084100000, 0x0000000084100000, 0x0000000084200000|  0%| F|  |TAMS 0x0000000084100000, 0x0000000084100000| Untracked 
|  66|0x0000000084200000, 0x0000000084200000, 0x0000000084300000|  0%| F|  |TAMS 0x0000000084200000, 0x0000000084200000| Untracked 
|  67|0x0000000084300000, 0x0000000084300000, 0x0000000084400000|  0%| F|  |TAMS 0x0000000084300000, 0x0000000084300000| Untracked 
|  68|0x0000000084400000, 0x0000000084400000, 0x0000000084500000|  0%| F|  |TAMS 0x0000000084400000, 0x0000000084400000| Untracked 
|  69|0x0000000084500000, 0x0000000084500000, 0x0000000084600000|  0%| F|  |TAMS 0x0000000084500000, 0x0000000084500000| Untracked 
|  70|0x0000000084600000, 0x0000000084600000, 0x0000000084700000|  0%| F|  |TAMS 0x0000000084600000, 0x0000000084600000| Untracked 
|  71|0x0000000084700000, 0x0000000084700000, 0x0000000084800000|  0%| F|  |TAMS 0x0000000084700000, 0x0000000084700000| Untracked 
|  72|0x0000000084800000, 0x0000000084800000, 0x0000000084900000|  0%| F|  |TAMS 0x0000000084800000, 0x0000000084800000| Untracked 
|  73|0x0000000084900000, 0x0000000084900000, 0x0000000084a00000|  0%| F|  |TAMS 0x0000000084900000, 0x0000000084900000| Untracked 
|  74|0x0000000084a00000, 0x0000000084a00000, 0x0000000084b00000|  0%| F|  |TAMS 0x0000000084a00000, 0x0000000084a00000| Untracked 
|  75|0x0000000084b00000, 0x0000000084b00000, 0x0000000084c00000|  0%| F|  |TAMS 0x0000000084b00000, 0x0000000084b00000| Untracked 
|  76|0x0000000084c00000, 0x0000000084c00000, 0x0000000084d00000|  0%| F|  |TAMS 0x0000000084c00000, 0x0000000084c00000| Untracked 
|  77|0x0000000084d00000, 0x0000000084d00000, 0x0000000084e00000|  0%| F|  |TAMS 0x0000000084d00000, 0x0000000084d00000| Untracked 
|  78|0x0000000084e00000, 0x0000000084e00000, 0x0000000084f00000|  0%| F|  |TAMS 0x0000000084e00000, 0x0000000084e00000| Untracked 
|  79|0x0000000084f00000, 0x0000000084f00000, 0x0000000085000000|  0%| F|  |TAMS 0x0000000084f00000, 0x0000000084f00000| Untracked 
|  80|0x0000000085000000, 0x0000000085000000, 0x0000000085100000|  0%| F|  |TAMS 0x0000000085000000, 0x0000000085000000| Untracked 
|  81|0x0000000085100000, 0x0000000085100000, 0x0000000085200000|  0%| F|  |TAMS 0x0000000085100000, 0x0000000085100000| Untracked 
|  82|0x0000000085200000, 0x0000000085200000, 0x0000000085300000|  0%| F|  |TAMS 0x0000000085200000, 0x0000000085200000| Untracked 
|  83|0x0000000085300000, 0x0000000085300000, 0x0000000085400000|  0%| F|  |TAMS 0x0000000085300000, 0x0000000085300000| Untracked 
|  84|0x0000000085400000, 0x0000000085400000, 0x0000000085500000|  0%| F|  |TAMS 0x0000000085400000, 0x0000000085400000| Untracked 
|  85|0x0000000085500000, 0x0000000085500000, 0x0000000085600000|  0%| F|  |TAMS 0x0000000085500000, 0x0000000085500000| Untracked 
|  86|0x0000000085600000, 0x0000000085600000, 0x0000000085700000|  0%| F|  |TAMS 0x0000000085600000, 0x0000000085600000| Untracked 
|  87|0x0000000085700000, 0x0000000085700000, 0x0000000085800000|  0%| F|  |TAMS 0x0000000085700000, 0x0000000085700000| Untracked 
|  88|0x0000000085800000, 0x0000000085800000, 0x0000000085900000|  0%| F|  |TAMS 0x0000000085800000, 0x0000000085800000| Untracked 
|  89|0x0000000085900000, 0x0000000085900000, 0x0000000085a00000|  0%| F|  |TAMS 0x0000000085900000, 0x0000000085900000| Untracked 
|  90|0x0000000085a00000, 0x0000000085a00000, 0x0000000085b00000|  0%| F|  |TAMS 0x0000000085a00000, 0x0000000085a00000| Untracked 
|  91|0x0000000085b00000, 0x0000000085b00000, 0x0000000085c00000|  0%| F|  |TAMS 0x0000000085b00000, 0x0000000085b00000| Untracked 
|  92|0x0000000085c00000, 0x0000000085c00000, 0x0000000085d00000|  0%| F|  |TAMS 0x0000000085c00000, 0x0000000085c00000| Untracked 
|  93|0x0000000085d00000, 0x0000000085d00000, 0x0000000085e00000|  0%| F|  |TAMS 0x0000000085d00000, 0x0000000085d00000| Untracked 
|  94|0x0000000085e00000, 0x0000000085e00000, 0x0000000085f00000|  0%| F|  |TAMS 0x0000000085e00000, 0x0000000085e00000| Untracked 
|  95|0x0000000085f00000, 0x0000000085f00000, 0x0000000086000000|  0%| F|  |TAMS 0x0000000085f00000, 0x0000000085f00000| Untracked 
|  96|0x0000000086000000, 0x0000000086000000, 0x0000000086100000|  0%| F|  |TAMS 0x0000000086000000, 0x0000000086000000| Untracked 
|  97|0x0000000086100000, 0x0000000086100000, 0x0000000086200000|  0%| F|  |TAMS 0x0000000086100000, 0x0000000086100000| Untracked 
|  98|0x0000000086200000, 0x0000000086200000, 0x0000000086300000|  0%| F|  |TAMS 0x0000000086200000, 0x0000000086200000| Untracked 
|  99|0x0000000086300000, 0x0000000086300000, 0x0000000086400000|  0%| F|  |TAMS 0x0000000086300000, 0x0000000086300000| Untracked 
| 100|0x0000000086400000, 0x0000000086400000, 0x0000000086500000|  0%| F|  |TAMS 0x0000000086400000, 0x0000000086400000| Untracked 
| 101|0x0000000086500000, 0x0000000086500000, 0x0000000086600000|  0%| F|  |TAMS 0x0000000086500000, 0x0000000086500000| Untracked 
| 102|0x0000000086600000, 0x0000000086600000, 0x0000000086700000|  0%| F|  |TAMS 0x0000000086600000, 0x0000000086600000| Untracked 
| 103|0x0000000086700000, 0x0000000086700000, 0x0000000086800000|  0%| F|  |TAMS 0x0000000086700000, 0x0000000086700000| Untracked 
| 104|0x0000000086800000, 0x0000000086800000, 0x0000000086900000|  0%| F|  |TAMS 0x0000000086800000, 0x0000000086800000| Untracked 
| 105|0x0000000086900000, 0x0000000086900000, 0x0000000086a00000|  0%| F|  |TAMS 0x0000000086900000, 0x0000000086900000| Untracked 
| 106|0x0000000086a00000, 0x0000000086a00000, 0x0000000086b00000|  0%| F|  |TAMS 0x0000000086a00000, 0x0000000086a00000| Untracked 
| 107|0x0000000086b00000, 0x0000000086b00000, 0x0000000086c00000|  0%| F|  |TAMS 0x0000000086b00000, 0x0000000086b00000| Untracked 
| 108|0x0000000086c00000, 0x0000000086c00000, 0x0000000086d00000|  0%| F|  |TAMS 0x0000000086c00000, 0x0000000086c00000| Untracked 
| 109|0x0000000086d00000, 0x0000000086d00000, 0x0000000086e00000|  0%| F|  |TAMS 0x0000000086d00000, 0x0000000086d00000| Untracked 
| 110|0x0000000086e00000, 0x0000000086e00000, 0x0000000086f00000|  0%| F|  |TAMS 0x0000000086e00000, 0x0000000086e00000| Untracked 
| 111|0x0000000086f00000, 0x0000000086f00000, 0x0000000087000000|  0%| F|  |TAMS 0x0000000086f00000, 0x0000000086f00000| Untracked 
| 112|0x0000000087000000, 0x0000000087000000, 0x0000000087100000|  0%| F|  |TAMS 0x0000000087000000, 0x0000000087000000| Untracked 
| 113|0x0000000087100000, 0x0000000087100000, 0x0000000087200000|  0%| F|  |TAMS 0x0000000087100000, 0x0000000087100000| Untracked 
| 114|0x0000000087200000, 0x0000000087200000, 0x0000000087300000|  0%| F|  |TAMS 0x0000000087200000, 0x0000000087200000| Untracked 
| 115|0x0000000087300000, 0x0000000087300000, 0x0000000087400000|  0%| F|  |TAMS 0x0000000087300000, 0x0000000087300000| Untracked 
| 116|0x0000000087400000, 0x0000000087400000, 0x0000000087500000|  0%| F|  |TAMS 0x0000000087400000, 0x0000000087400000| Untracked 
| 117|0x0000000087500000, 0x0000000087500000, 0x0000000087600000|  0%| F|  |TAMS 0x0000000087500000, 0x0000000087500000| Untracked 
| 118|0x0000000087600000, 0x0000000087600000, 0x0000000087700000|  0%| F|  |TAMS 0x0000000087600000, 0x0000000087600000| Untracked 
| 119|0x0000000087700000, 0x0000000087700000, 0x0000000087800000|  0%| F|  |TAMS 0x0000000087700000, 0x0000000087700000| Untracked 
| 120|0x0000000087800000, 0x0000000087800000, 0x0000000087900000|  0%| F|  |TAMS 0x0000000087800000, 0x0000000087800000| Untracked 
| 121|0x0000000087900000, 0x0000000087900000, 0x0000000087a00000|  0%| F|  |TAMS 0x0000000087900000, 0x0000000087900000| Untracked 
| 122|0x0000000087a00000, 0x0000000087a00000, 0x0000000087b00000|  0%| F|  |TAMS 0x0000000087a00000, 0x0000000087a00000| Untracked 
| 123|0x0000000087b00000, 0x0000000087b00000, 0x0000000087c00000|  0%| F|  |TAMS 0x0000000087b00000, 0x0000000087b00000| Untracked 
| 124|0x0000000087c00000, 0x0000000087cfccc0, 0x0000000087d00000| 98%| S|CS|TAMS 0x0000000087c00000, 0x0000000087c00000| Complete 
| 125|0x0000000087d00000, 0x0000000087e00000, 0x0000000087e00000|100%| S|CS|TAMS 0x0000000087d00000, 0x0000000087d00000| Complete 
| 126|0x0000000087e00000, 0x0000000087e00000, 0x0000000087f00000|  0%| F|  |TAMS 0x0000000087e00000, 0x0000000087e00000| Untracked 
| 127|0x0000000087f00000, 0x0000000087f00000, 0x0000000088000000|  0%| F|  |TAMS 0x0000000087f00000, 0x0000000087f00000| Untracked 

Card table byte_map: [0x00000182c1bf0000,0x00000182c1ff0000] _byte_map_base: 0x00000182c17f0000

Marking Bits (Prev, Next): (CMBitMap*) 0x00000182a95f1ff8, (CMBitMap*) 0x00000182a95f2030
 Prev Bits: [0x00000182c23f0000, 0x00000182c43f0000)
 Next Bits: [0x00000182c43f0000, 0x00000182c63f0000)

Polling page: 0x00000182a96a0000

Metaspace:

Usage:
  Non-class:     13.21 MB capacity,    13.12 MB (>99%) used,    78.62 KB ( <1%) free+waste,    15.56 KB ( <1%) overhead. 
      Class:      1.61 MB capacity,     1.50 MB ( 93%) used,   105.78 KB (  6%) free+waste,     6.56 KB ( <1%) overhead. 
       Both:     14.83 MB capacity,    14.62 MB ( 99%) used,   184.40 KB (  1%) free+waste,    22.13 KB ( <1%) overhead. 

Virtual space:
  Non-class space:       22.00 MB reserved,      13.25 MB ( 60%) committed 
      Class space:        1.00 GB reserved,       1.63 MB ( <1%) committed 
             Both:        1.02 GB reserved,      14.88 MB (  1%) committed 

Chunk freelists:
   Non-Class:  4.75 KB
       Class:  1.50 KB
        Both:  6.25 KB

CodeHeap 'non-profiled nmethods': size=120064Kb used=514Kb max_used=514Kb free=119549Kb
 bounds [0x00000182b9eb0000, 0x00000182ba120000, 0x00000182c13f0000]
CodeHeap 'profiled nmethods': size=120000Kb used=2875Kb max_used=2875Kb free=117124Kb
 bounds [0x00000182b2980000, 0x00000182b2c50000, 0x00000182b9eb0000]
CodeHeap 'non-nmethods': size=5696Kb used=1083Kb max_used=1108Kb free=4612Kb
 bounds [0x00000182b23f0000, 0x00000182b2660000, 0x00000182b2980000]
 total_blobs=1795 nmethods=1401 adapters=306
 compilation: enabled
              stopped_count=0, restarted_count=0
 full_count=0

Compilation events (10 events):
Event: 3.210 Thread 0x00000182c91c9800 1397       3       jdk.internal.loader.AbstractClassLoaderValue::<init> (5 bytes)
Event: 3.210 Thread 0x00000182c91c9800 nmethod 1397 0x00000182b2c4be10 code [0x00000182b2c4bfa0, 0x00000182b2c4c0f8]
Event: 3.214 Thread 0x00000182c91c9800 1398       3       jdk.internal.reflect.Reflection::filter (217 bytes)
Event: 3.215 Thread 0x00000182c91c9800 nmethod 1398 0x00000182b2c4c190 code [0x00000182b2c4c3c0, 0x00000182b2c4cf48]
Event: 3.216 Thread 0x00000182c91c9800 1399       3       java.lang.Class::isAnnotation (17 bytes)
Event: 3.217 Thread 0x00000182c91c9800 nmethod 1399 0x00000182b2c4d390 code [0x00000182b2c4d540, 0x00000182b2c4d6c8]
Event: 3.217 Thread 0x00000182c91c9800 1400       3       jdk.internal.loader.AbstractClassLoaderValue::sub (10 bytes)
Event: 3.217 Thread 0x00000182c91c9800 nmethod 1400 0x00000182b2c4d790 code [0x00000182b2c4d940, 0x00000182b2c4dc78]
Event: 3.218 Thread 0x00000182c91c9800 1401       3       java.lang.Class::copyFields (36 bytes)
Event: 3.218 Thread 0x00000182c91c9800 nmethod 1401 0x00000182b2c4dd90 code [0x00000182b2c4dfc0, 0x00000182b2c4e978]

GC Heap History (10 events):
Event: 1.253 GC heap before
{Heap before GC invocations=0 (full 0):
 garbage-first heap   total 131072K, used 7168K [0x0000000080000000, 0x0000000100000000)
  region size 1024K, 7 young (7168K), 0 survivors (0K)
 Metaspace       used 8217K, capacity 8331K, committed 8576K, reserved 1056768K
  class space    used 716K, capacity 775K, committed 896K, reserved 1048576K
}
Event: 1.259 GC heap after
{Heap after GC invocations=1 (full 0):
 garbage-first heap   total 131072K, used 2093K [0x0000000080000000, 0x0000000100000000)
  region size 1024K, 1 young (1024K), 1 survivors (1024K)
 Metaspace       used 8217K, capacity 8331K, committed 8576K, reserved 1056768K
  class space    used 716K, capacity 775K, committed 896K, reserved 1048576K
}
Event: 1.666 GC heap before
{Heap before GC invocations=1 (full 0):
 garbage-first heap   total 131072K, used 7213K [0x0000000080000000, 0x0000000100000000)
  region size 1024K, 6 young (6144K), 1 survivors (1024K)
 Metaspace       used 10308K, capacity 10486K, committed 10624K, reserved 1058816K
  class space    used 955K, capacity 1027K, committed 1152K, reserved 1048576K
}
Event: 1.672 GC heap after
{Heap after GC invocations=2 (full 0):
 garbage-first heap   total 131072K, used 3016K [0x0000000080000000, 0x0000000100000000)
  region size 1024K, 1 young (1024K), 1 survivors (1024K)
 Metaspace       used 10308K, capacity 10486K, committed 10624K, reserved 1058816K
  class space    used 955K, capacity 1027K, committed 1152K, reserved 1048576K
}
Event: 2.409 GC heap before
{Heap before GC invocations=2 (full 0):
 garbage-first heap   total 131072K, used 16328K [0x0000000080000000, 0x0000000100000000)
  region size 1024K, 14 young (14336K), 1 survivors (1024K)
 Metaspace       used 12676K, capacity 12866K, committed 12928K, reserved 1060864K
  class space    used 1262K, capacity 1351K, committed 1408K, reserved 1048576K
}
Event: 2.414 GC heap after
{Heap after GC invocations=3 (full 0):
 garbage-first heap   total 131072K, used 3503K [0x0000000080000000, 0x0000000100000000)
  region size 1024K, 2 young (2048K), 2 survivors (2048K)
 Metaspace       used 12676K, capacity 12866K, committed 12928K, reserved 1060864K
  class space    used 1262K, capacity 1351K, committed 1408K, reserved 1048576K
}
Event: 3.148 GC heap before
{Heap before GC invocations=3 (full 0):
 garbage-first heap   total 131072K, used 22959K [0x0000000080000000, 0x0000000100000000)
  region size 1024K, 21 young (21504K), 2 survivors (2048K)
 Metaspace       used 14666K, capacity 14885K, committed 14976K, reserved 1062912K
  class space    used 1499K, capacity 1616K, committed 1664K, reserved 1048576K
}
Event: 3.156 GC heap after
{Heap after GC invocations=4 (full 0):
 garbage-first heap   total 131072K, used 4222K [0x0000000080000000, 0x0000000100000000)
  region size 1024K, 2 young (2048K), 2 survivors (2048K)
 Metaspace       used 14666K, capacity 14885K, committed 14976K, reserved 1062912K
  class space    used 1499K, capacity 1616K, committed 1664K, reserved 1048576K
}
Event: 3.219 GC heap before
{Heap before GC invocations=4 (full 0):
 garbage-first heap   total 131072K, used 5246K [0x0000000080000000, 0x0000000100000000)
  region size 1024K, 4 young (4096K), 2 survivors (2048K)
 Metaspace       used 14975K, capacity 15182K, committed 15232K, reserved 1069056K
  class space    used 1539K, capacity 1652K, committed 1664K, reserved 1048576K
}
Event: 3.225 GC heap after
{Heap after GC invocations=5 (full 0):
 garbage-first heap   total 131072K, used 4223K [0x0000000080000000, 0x0000000100000000)
  region size 1024K, 2 young (2048K), 2 survivors (2048K)
 Metaspace       used 14975K, capacity 15182K, committed 15232K, reserved 1069056K
  class space    used 1539K, capacity 1652K, committed 1664K, reserved 1048576K
}

Deoptimization events (10 events):
Event: 2.258 Thread 0x00000182a95b6800 Uncommon trap: reason=unstable_if action=reinterpret pc=0x00000182b9ef9084 method=java.nio.charset.CoderResult.isOverflow()Z @ 5 c2
Event: 2.342 Thread 0x00000182a95b6800 Uncommon trap: reason=unstable_if action=reinterpret pc=0x00000182b9efc5a8 method=java.io.Reader.read()I @ 12 c2
Event: 2.396 Thread 0x00000182a95b6800 Uncommon trap: reason=unstable_if action=reinterpret pc=0x00000182b9f061e0 method=org.codehaus.plexus.util.xml.pull.MXParser.nextImpl()I @ 241 c2
Event: 2.399 Thread 0x00000182a95b6800 Uncommon trap: reason=unstable_if action=reinterpret pc=0x00000182b9f02414 method=java.nio.charset.CharsetDecoder.decode(Ljava/nio/ByteBuffer;Ljava/nio/CharBuffer;Z)Ljava/nio/charset/CoderResult; @ 15 c2
Event: 2.444 Thread 0x00000182a95b6800 Uncommon trap: reason=unstable_if action=reinterpret pc=0x00000182b9efccfc method=java.io.Reader.read()I @ 12 c2
Event: 2.449 Thread 0x00000182a95b6800 Uncommon trap: reason=unstable_if action=reinterpret pc=0x00000182b9f07644 method=java.nio.charset.CharsetDecoder.decode(Ljava/nio/ByteBuffer;Ljava/nio/CharBuffer;Z)Ljava/nio/charset/CoderResult; @ 15 c2
Event: 2.474 Thread 0x00000182a95b6800 Uncommon trap: reason=unstable_if action=reinterpret pc=0x00000182b9f09b68 method=sun.nio.cs.StreamDecoder.read0()I @ 39 c2
Event: 2.520 Thread 0x00000182a95b6800 Uncommon trap: reason=unstable_if action=reinterpret pc=0x00000182b9ef106c method=java.util.HashMap.putVal(ILjava/lang/Object;Ljava/lang/Object;ZZ)Ljava/lang/Object; @ 181 c2
Event: 2.592 Thread 0x00000182a95b6800 Uncommon trap: reason=unstable_if action=reinterpret pc=0x00000182b9f13c24 method=java.util.HashMap.getNode(ILjava/lang/Object;)Ljava/util/HashMap$Node; @ 129 c2
Event: 2.592 Thread 0x00000182a95b6800 Uncommon trap: reason=unstable_if action=reinterpret pc=0x00000182b9ef3d88 method=java.util.HashMap.getNode(ILjava/lang/Object;)Ljava/util/HashMap$Node; @ 129 c2

Classes redefined (0 events):
No events

Internal exceptions (3 events):
Event: 0.811 Thread 0x00000182a95b6800 Exception <a 'java/lang/NoSuchMethodError'{0x0000000087b32f30}: java.lang.invoke.DirectMethodHandle$Holder.invokeSpecialIFC(Ljava/lang/Object;Ljava/lang/Object;I)I> (0x0000000087b32f30) thrown at [./open/src/hotspot/share/interpreter/linkResolver.cpp, lin
Event: 0.838 Thread 0x00000182a95b6800 Exception <a 'java/lang/NullPointerException'{0x0000000087ba7100}> (0x0000000087ba7100) thrown at [./open/src/hotspot/share/interpreter/linkResolver.cpp, line 1354]
Event: 2.134 Thread 0x00000182a95b6800 Exception <a 'java/lang/NoClassDefFoundError'{0x000000008776d728}: javax/enterprise/inject/Typed> (0x000000008776d728) thrown at [./open/src/hotspot/share/classfile/systemDictionary.cpp, line 216]

Events (10 events):
Event: 3.217 loading class org/apache/maven/plugin/MojoFailureException done
Event: 3.217 Executing VM operation: RevokeBias
Event: 3.217 Executing VM operation: RevokeBias done
Event: 3.217 loading class org/apache/maven/plugin/PluginConfigurationException
Event: 3.217 loading class org/apache/maven/plugin/PluginConfigurationException done
Event: 3.218 loading class org/apache/maven/artifact/handler/DefaultArtifactHandler$__sisu17
Event: 3.218 loading class org/apache/maven/artifact/handler/DefaultArtifactHandler$__sisu17 done
Event: 3.218 loading class org/apache/maven/artifact/factory/DefaultArtifactFactory
Event: 3.218 loading class org/apache/maven/artifact/factory/DefaultArtifactFactory done
Event: 3.219 Executing VM operation: CollectForMetadataAllocation


Dynamic libraries:
0x00007ff7d4700000 - 0x00007ff7d470f000 	C:\Program Files\Java\jdk-11.0.13\bin\javaw.exe
0x00007fff97750000 - 0x00007fff97945000 	C:\Windows\SYSTEM32\ntdll.dll
0x00007fff960a0000 - 0x00007fff9615d000 	C:\Windows\System32\KERNEL32.DLL
0x00007fff95290000 - 0x00007fff9555d000 	C:\Windows\System32\KERNELBASE.dll
0x00007fff95560000 - 0x00007fff95660000 	C:\Windows\System32\ucrtbase.dll
0x00007fff79ae0000 - 0x00007fff79af8000 	C:\Program Files\Java\jdk-11.0.13\bin\jli.dll
0x00007fff961c0000 - 0x00007fff9626e000 	C:\Windows\System32\ADVAPI32.dll
0x00007fff97450000 - 0x00007fff974ee000 	C:\Windows\System32\msvcrt.dll
0x00007fff96600000 - 0x00007fff9669c000 	C:\Windows\System32\sechost.dll
0x00007fff96dc0000 - 0x00007fff96ee5000 	C:\Windows\System32\RPCRT4.dll
0x00007fff974f0000 - 0x00007fff97690000 	C:\Windows\System32\USER32.dll
0x00007fff95000000 - 0x00007fff95022000 	C:\Windows\System32\win32u.dll
0x00007fff96d90000 - 0x00007fff96dba000 	C:\Windows\System32\GDI32.dll
0x00007fff94ef0000 - 0x00007fff94ffb000 	C:\Windows\System32\gdi32full.dll
0x00007fff956d0000 - 0x00007fff9576d000 	C:\Windows\System32\msvcp_win.dll
0x00007fff7d9a0000 - 0x00007fff7d9b5000 	C:\Program Files\Java\jdk-11.0.13\bin\VCRUNTIME140.dll
0x00007fff76fe0000 - 0x00007fff7727a000 	C:\Windows\WinSxS\amd64_microsoft.windows.common-controls_6595b64144ccf1df_6.0.19041.1110_none_60b5254171f9507e\COMCTL32.dll
0x00007fff8c810000 - 0x00007fff8c81a000 	C:\Windows\SYSTEM32\VERSION.dll
0x00007fff97350000 - 0x00007fff97380000 	C:\Windows\System32\IMM32.DLL
0x00007fff6e0d0000 - 0x00007fff6e16b000 	C:\Program Files\Java\jdk-11.0.13\bin\msvcp140.dll
0x00007fff60f30000 - 0x00007fff61a43000 	C:\Program Files\Java\jdk-11.0.13\bin\server\jvm.dll
0x00007fff97250000 - 0x00007fff97258000 	C:\Windows\System32\PSAPI.DLL
0x00007fff8e470000 - 0x00007fff8e479000 	C:\Windows\SYSTEM32\WSOCK32.dll
0x00007fff96b20000 - 0x00007fff96b8b000 	C:\Windows\System32\WS2_32.dll
0x00007fff75270000 - 0x00007fff75297000 	C:\Windows\SYSTEM32\WINMM.dll
0x00007fff92d40000 - 0x00007fff92d52000 	C:\Windows\SYSTEM32\kernel.appcore.dll
0x00007fff7fea0000 - 0x00007fff7feb0000 	C:\Program Files\Java\jdk-11.0.13\bin\verify.dll
0x00007fff8d590000 - 0x00007fff8d774000 	C:\Windows\SYSTEM32\DBGHELP.DLL
0x00007fff8d560000 - 0x00007fff8d58c000 	C:\Windows\SYSTEM32\dbgcore.DLL
0x00007fff94e60000 - 0x00007fff94ee2000 	C:\Windows\System32\bcryptPrimitives.dll
0x00007fff79900000 - 0x00007fff79928000 	C:\Program Files\Java\jdk-11.0.13\bin\java.dll
0x00007fff7e8f0000 - 0x00007fff7e8fa000 	C:\Program Files\Java\jdk-11.0.13\bin\jimage.dll
0x00007fff79850000 - 0x00007fff79866000 	C:\Program Files\Java\jdk-11.0.13\bin\zip.dll
0x00007fff957a0000 - 0x00007fff95ee4000 	C:\Windows\System32\SHELL32.dll
0x00007fff92f40000 - 0x00007fff936d4000 	C:\Windows\SYSTEM32\windows.storage.dll
0x00007fff96ef0000 - 0x00007fff97244000 	C:\Windows\System32\combase.dll
0x00007fff94710000 - 0x00007fff9473c000 	C:\Windows\SYSTEM32\Wldp.dll
0x00007fff96380000 - 0x00007fff9642d000 	C:\Windows\System32\SHCORE.dll
0x00007fff96b90000 - 0x00007fff96be5000 	C:\Windows\System32\shlwapi.dll
0x00007fff94da0000 - 0x00007fff94dbf000 	C:\Windows\SYSTEM32\profapi.dll
0x00007fff79560000 - 0x00007fff79579000 	C:\Program Files\Java\jdk-11.0.13\bin\net.dll
0x00007fff8b7e0000 - 0x00007fff8b8ea000 	C:\Windows\SYSTEM32\WINHTTP.dll
0x00007fff944f0000 - 0x00007fff9455a000 	C:\Windows\system32\mswsock.dll
0x00007fff794a0000 - 0x00007fff794b2000 	C:\Program Files\Java\jdk-11.0.13\bin\nio.dll
0x0000000069ac0000 - 0x0000000069ae4000 	C:\Users\sfjbs\AppData\Local\Temp\jansi-2.4.0-bbe28b1db8840dc4-jansi.dll

dbghelp: loaded successfully - version: 4.0.5 - missing functions: none
symbol engine: initialized successfully - sym options: 0x614 - pdb path: .;C:\Program Files\Java\jdk-11.0.13\bin;C:\Windows\SYSTEM32;C:\Windows\WinSxS\amd64_microsoft.windows.common-controls_6595b64144ccf1df_6.0.19041.1110_none_60b5254171f9507e;C:\Program Files\Java\jdk-11.0.13\bin\server;C:\Users\sfjbs\AppData\Local\Temp

VM Arguments:
jvm_args: -Dmaven.home=EMBEDDED -Dclassworlds.conf=C:\Users\sfjbs\Documents\wrkpsc\.metadata\.plugins\org.eclipse.m2e.launching\launches\m2conf9731821602574510045.tmp -Dmaven.multiModuleProjectDirectory=C:\Users\sfjbs\Documents\wrkpsc\Employee -Djansi.force=true -Djansi.passthrough=true -Dfile.encoding=Cp1252 
java_command: org.codehaus.plexus.classworlds.launcher.Launcher -Ppom.xml -B install -Dstyle.color=always
java_class_path (initial): C:\Users\sfjbs\Documents\sts-4.14.1.RELEASE\plugins\org.eclipse.m2e.maven.runtime_1.18.3.20220227-1319\jars\plexus-classworlds-2.6.0.jar
Launcher Type: SUN_STANDARD

[Global flags]
     intx CICompilerCount                          = 2                                         {product} {ergonomic}
     uint ConcGCThreads                            = 1                                         {product} {ergonomic}
     uint G1ConcRefinementThreads                  = 2                                         {product} {ergonomic}
   size_t G1HeapRegionSize                         = 1048576                                   {product} {ergonomic}
    uintx GCDrainStackTargetSize                   = 64                                        {product} {ergonomic}
   size_t InitialHeapSize                          = 134217728                                 {product} {ergonomic}
   size_t MarkStackSize                            = 4194304                                   {product} {ergonomic}
   size_t MaxHeapSize                              = 2147483648                                {product} {ergonomic}
   size_t MaxNewSize                               = 1287651328                                {product} {ergonomic}
   size_t MinHeapDeltaBytes                        = 1048576                                   {product} {ergonomic}
    uintx NonNMethodCodeHeapSize                   = 5825164                                {pd product} {ergonomic}
    uintx NonProfiledCodeHeapSize                  = 122916538                              {pd product} {ergonomic}
    uintx ProfiledCodeHeapSize                     = 122916538                              {pd product} {ergonomic}
    uintx ReservedCodeCacheSize                    = 251658240                              {pd product} {ergonomic}
     bool SegmentedCodeCache                       = true                                      {product} {ergonomic}
     bool UseCompressedClassPointers               = true                                 {lp64_product} {ergonomic}
     bool UseCompressedOops                        = true                                 {lp64_product} {ergonomic}
     bool UseG1GC                                  = true                                      {product} {ergonomic}
     bool UseLargePagesIndividualAllocation        = false                                  {pd product} {ergonomic}

Logging:
Log output configuration:
 #0: stdout all=warning uptime,level,tags
 #1: stderr all=off uptime,level,tags

Environment Variables:
PATH=C:/Users/sfjbs/Documents/sts-4.14.1.RELEASE//plugins/org.eclipse.justj.openjdk.hotspot.jre.full.win32.x86_64_17.0.2.v20220201-1208/jre/bin/server;C:/Users/sfjbs/Documents/sts-4.14.1.RELEASE//plugins/org.eclipse.justj.openjdk.hotspot.jre.full.win32.x86_64_17.0.2.v20220201-1208/jre/bin;C:\Program Files\Common Files\Oracle\Java\javapath;C:\Windows\system32;C:\Windows;C:\Windows\System32\Wbem;C:\Windows\System32\WindowsPowerShell\v1.0\;C:\Windows\System32\OpenSSH\;C:\Users\sfjbs\Downloads\javamicro-20220514T173132Z-001\javamicro\apache-maven-3.8.5-bin\apache-maven-3.8.5\bin;C:\Users\sfjbs\Downloads\javamicro-20220514T173132Z-001\javamicro\apache-maven-3.8.5-bin\apache-maven-3.8.5\lib;C:\Program Files\Git\cmd;C:\Program Files\Docker\Docker\resources\bin;C:\ProgramData\DockerDesktop\version-bin;C:\Users\sfjbs\AppData\Local\Microsoft\WindowsApps;C:\Users\sfjbs\Downloads\javamicro-20220514T173132Z-001\javamicro\apache-maven-3.8.5-bin\apache-maven-3.8.5\bin;C:\Users\sfjbs\Downloads\javamicro-20220514T173132Z-001\javamicro\apache-maven-3.8.5-bin\apache-maven-3.8.5\lib;;C:\Program Files\JetBrains\IntelliJ IDEA Community Edition 2021.3.3\bin;;C:\Users\sfjbs\Documents\sts-4.14.1.RELEASE;
USERNAME=sfjbs
OS=Windows_NT
PROCESSOR_IDENTIFIER=Intel64 Family 6 Model 85 Stepping 4, GenuineIntel



---------------  S Y S T E M  ---------------

OS: Windows 10 , 64 bit Build 19041 (10.0.19041.1706)
Hyper-V role detected

CPU:total 2 (initial active 2) (1 cores per cpu, 2 threads per core) family 6 model 85 stepping 4 microcode 0xffffffff, cmov, cx8, fxsr, mmx, sse, sse2, sse3, ssse3, sse4.1, sse4.2, popcnt, avx, avx2, aes, clmul, erms, rtm, 3dnowpref, lzcnt, ht, tsc, bmi1, bmi2, adx, fma

Memory: 4k page, system-wide physical 8190M (1611M free)
TotalPageFile size 10238M (AvailPageFile size 4M)
current process WorkingSet (physical memory assigned to process): 83M, peak: 83M
current process commit charge ("private bytes"): 217M, peak: 218M

vm_info: Java HotSpot(TM) 64-Bit Server VM (11.0.13+10-LTS-370) for windows-amd64 JRE (11.0.13+10-LTS-370), built on Sep 15 2021 22:10:36 by "mach5one" with MS VC++ 15.9 (VS2017)

END.
